[2021/08/30 00:30:01] - Namespace(cuda='4', description='alexnet', prefix='', seed=6869, batch_size=160, epochs=160, lr_max=0.001, target=None, iteration=0, step_size=0.005, epsilon=1, kernel_size=13, image_size=224, dataset_root='/tmp2/dataset/Restricted_ImageNet_Hendrycks', ckpt_root='/tmp2/aislab/adv_ckpt', opt_level='O1')
[2021/08/30 00:30:01] - Epoch  Seconds    Train Loss  Train Acc    Test Loss  Test Acc
[2021/08/30 00:30:55] -     0     53.8      322.1694    28.1219     289.5268   40.4583
[2021/08/30 00:31:50] -     1     52.2      260.6629    43.2491     243.5863   50.8333
[2021/08/30 00:32:45] -     2     52.3      235.7736    48.9746     230.6258   52.7500
[2021/08/30 00:33:40] -     3     52.0      222.1036    52.2566     222.3933   55.2500
[2021/08/30 00:34:34] -     4     51.6      209.8406    54.8084     209.2139   59.2083
[2021/08/30 00:35:29] -     5     52.1      202.3844    56.8247     196.2405   61.0833
[2021/08/30 00:36:23] -     6     51.3      194.6526    58.5160     197.9077   61.4167
[2021/08/30 00:37:18] -     7     52.1      188.4537    59.9497     198.8377   60.7083
[2021/08/30 00:38:13] -     8     52.6      182.9736    60.8291     185.2296   63.7500
[2021/08/30 00:39:09] -     9     53.3      179.9915    61.6143     190.3336   62.5833
[2021/08/30 00:40:04] -    10     52.6      176.6434    62.3759     180.4692   65.3750
[2021/08/30 00:41:00] -    11     52.4      172.0498    63.3229     176.1642   66.2083
[2021/08/30 00:41:55] -    12     52.7      168.8316    64.0028     185.3178   63.8750
[2021/08/30 00:42:51] -    13     53.0      167.6992    64.4645     178.5780   65.4583
[2021/08/30 00:43:46] -    14     52.5      163.7194    65.1617     193.3459   62.4583
[2021/08/30 00:44:41] -    15     52.7      161.3666    65.4742     177.2907   65.7500
[2021/08/30 00:45:35] -    16     52.6      157.5105    66.3521     169.3660   67.4167
[2021/08/30 00:46:31] -    17     52.8      156.3688    66.4620     171.5053   67.8750
[2021/08/30 00:47:26] -    18     52.5      155.1930    66.9394     172.5500   66.7917
[2021/08/30 00:48:21] -    19     52.7      152.4095    67.4356     172.8997   66.5833
[2021/08/30 00:49:15] -    20     52.5      151.4244    67.5236     175.8750   65.7917
[2021/08/30 00:50:08] -    21     52.6      148.6286    68.1329     172.4946   67.5417
[2021/08/30 00:51:03] -    22     52.0      149.4108    68.3778     168.3077   67.5833
[2021/08/30 00:51:58] -    23     52.5      147.3555    68.7610     167.7569   67.8333
[2021/08/30 00:52:52] -    24     52.6      144.7533    68.8866     167.1496   68.4583
[2021/08/30 00:53:48] -    25     52.4      146.1570    68.9573     166.3041   67.9167
[2021/08/30 00:54:40] -    26     52.1      142.9506    69.5964     160.0362   68.1250
[2021/08/30 00:55:35] -    27     52.1      142.7295    69.4834     170.0460   67.1667
[2021/08/30 00:56:27] -    28     52.0      139.8712    70.2874     164.4746   68.5000
[2021/08/30 00:57:28] -    29     58.8      138.0433    70.4947     164.7525   69.2917
[2021/08/30 00:58:24] -    30     52.7      137.4964    70.7082     170.4042   68.1667
[2021/08/30 00:59:18] -    31     52.8      136.4263    71.0584     168.3728   68.0833
[2021/08/30 01:00:13] -    32     52.2      135.1542    71.2877     164.9664   68.8333
[2021/08/30 01:01:07] -    33     52.6      135.7325    71.1872     161.2139   69.0000
[2021/08/30 01:02:00] -    34     53.0      133.8008    71.4337     163.3086   69.2083
[2021/08/30 01:02:54] -    35     52.6      130.7402    72.1420     159.7732   69.2917
[2021/08/30 01:03:49] -    36     52.5      129.5352    72.6052     165.4118   68.7083
[2021/08/30 01:04:44] -    37     52.4      127.6952    72.7889     163.9791   68.2500
[2021/08/30 01:05:38] -    38     53.2      127.6601    72.9240     159.8860   70.2500
[2021/08/30 01:06:32] -    39     52.5      125.0546    73.5396     157.7539   70.5000
[2021/08/30 01:07:28] -    40     53.1      124.4447    73.5490     168.7609   68.8333
[2021/08/30 01:08:21] -    41     52.9      122.6484    73.7249     158.0109   69.6250
[2021/08/30 01:09:17] -    42     53.1      121.2677    74.0515     160.7788   70.0417
[2021/08/30 01:10:09] -    43     51.1      121.2651    74.0829     157.0593   70.7500
[2021/08/30 01:11:02] -    44     52.6      119.8876    74.4865     159.0329   70.4583
[2021/08/30 01:11:56] -    45     52.9      118.7136    74.7770     165.9883   68.7917
[2021/08/30 01:12:52] -    46     53.0      117.1096    75.3062     157.2505   71.6667
[2021/08/30 01:13:46] -    47     52.6      115.2929    75.5229     161.6314   69.3750
[2021/08/30 01:14:40] -    48     52.6      115.0023    75.6077     163.4149   69.4583
[2021/08/30 01:15:32] -    49     52.6      113.2048    75.8715     160.8323   69.6667
[2021/08/30 01:16:27] -    50     52.3      111.4971    76.4447     167.4221   69.6250
[2021/08/30 01:17:23] -    51     52.6      110.0822    76.5515     162.8833   70.7083
[2021/08/30 01:18:17] -    52     52.5      110.0788    76.6866     163.4530   70.8333
[2021/08/30 01:19:11] -    53     52.9      108.0988    77.2299     163.9029   70.4583
[2021/08/30 01:20:06] -    54     53.0      107.8055    77.2770     159.2960   71.1250
[2021/08/30 01:20:59] -    55     52.9      106.2983    77.5220     166.3609   69.4583
[2021/08/30 01:21:54] -    56     53.3      106.7531    77.4058     154.9784   71.3333
[2021/08/30 01:22:47] -    57     52.8      102.4278    78.2443     161.3273   70.5000
[2021/08/30 01:23:41] -    58     52.7      102.7538    78.3339     163.1191   70.1250
[2021/08/30 01:24:34] -    59     52.9      102.7435    78.3197     165.9669   69.9167
[2021/08/30 01:25:28] -    60     53.8      101.5259    78.7374     165.0485   69.5833
[2021/08/30 01:26:23] -    61     52.4      100.5889    78.7673     161.9281   70.2917
[2021/08/30 01:27:15] -    62     52.4       98.9508    79.0499     160.3922   70.9167
[2021/08/30 01:28:11] -    63     52.7       98.5121    79.4064     163.2535   70.7917
[2021/08/30 01:29:04] -    64     52.4       97.4994    79.6530     166.9742   70.3333
[2021/08/30 01:30:00] -    65     52.6       96.0280    79.8461     170.6318   70.2917
[2021/08/30 01:30:54] -    66     53.3       95.6732    79.8100     166.6429   70.0833
[2021/08/30 01:31:47] -    67     52.1       93.3842    80.2685     169.5392   69.2917
[2021/08/30 01:32:40] -    68     52.6       93.8851    80.2214     162.5412   71.0417
[2021/08/30 01:33:33] -    69     52.0       90.4248    81.1087     159.9208   71.5000
[2021/08/30 01:34:27] -    70     52.6       92.4444    80.6030     166.9715   69.8750
[2021/08/30 01:35:20] -    71     53.6       93.4900    80.3989     171.5869   70.2083
[2021/08/30 01:36:12] -    72     52.0       91.7096    80.9155     171.2936   70.2917
[2021/08/30 01:37:04] -    73     51.6       89.2625    81.2359     178.3019   70.2500
[2021/08/30 01:37:57] -    74     52.3       87.1220    81.5499     179.5588   68.7083
[2021/08/30 01:38:51] -    75     52.4       88.0454    81.5546     172.1663   69.4583
[2021/08/30 01:39:43] -    76     51.9       88.6759    81.6394     173.2698   69.8333
[2021/08/30 01:40:36] -    77     53.3       86.0065    81.9143     168.2102   70.7500
[2021/08/30 01:41:30] -    78     52.3       82.5811    82.7858     176.1681   69.0417
[2021/08/30 01:42:24] -    79     52.4       85.0535    82.2676     173.7602   70.1250
[2021/08/30 01:43:16] -    80     52.1       83.1982    82.6193     168.0979   69.7917
[2021/08/30 01:44:09] -    81     52.9       83.4663    82.7387     171.2168   69.6250
[2021/08/30 01:45:03] -    82     53.6       82.0254    82.9758     173.3059   68.5833
[2021/08/30 01:45:57] -    83     53.2       79.0077    83.4830     165.6014   71.8750
[2021/08/30 01:46:52] -    84     53.5       80.2674    83.3354     169.5689   69.8333
[2021/08/30 01:47:45] -    85     53.0       78.5761    83.7783     172.8473   70.6250
[2021/08/30 01:48:39] -    86     52.9       79.2484    83.5694     170.3675   70.4167
[2021/08/30 01:49:32] -    87     53.1       79.0299    83.7107     169.0293   70.8750
[2021/08/30 01:50:25] -    88     53.0       79.4275    83.6464     185.4859   69.5417
[2021/08/30 01:51:17] -    89     51.6       79.1080    83.6385     171.7164   69.3750
[2021/08/30 01:52:08] -    90     50.8       78.6790    83.8851     172.1396   70.0417
[2021/08/30 01:53:00] -    91     51.1       74.2978    84.7959     169.9373   70.5000
[2021/08/30 01:53:53] -    92     50.7       75.2816    84.3907     176.8935   69.0417
[2021/08/30 01:54:43] -    93     50.5       73.9012    84.6467     183.8259   69.1667
[2021/08/30 01:55:34] -    94     50.9       74.6359    84.6859     175.6217   70.2083
[2021/08/30 01:56:25] -    95     51.1       73.7800    84.8131     179.8416   70.7083
[2021/08/30 01:57:16] -    96     50.9       75.4711    84.5776     177.0309   70.1250
[2021/08/30 01:58:07] -    97     50.7       73.3051    85.0393     175.9135   69.7917
[2021/08/30 01:59:00] -    98     51.8       72.8703    85.1508     186.9085   68.2917
[2021/08/30 01:59:53] -    99     51.8       70.6789    85.5842     179.1021   70.6250
[2021/08/30 02:00:46] -   100     51.6       72.6460    85.1099     173.4169   71.0417
[2021/08/30 02:01:42] -   101     55.7       72.3488    85.1115     173.4623   71.0000
[2021/08/30 02:02:33] -   102     50.7       70.8020    85.6203     181.3156   69.3333
[2021/08/30 02:03:24] -   103     51.2       71.3272    85.4742     174.0360   70.9583
[2021/08/30 02:04:15] -   104     51.6       70.1732    85.7820     192.9379   70.7500
[2021/08/30 02:05:08] -   105     51.5       69.3042    86.0443     175.0262   69.7083
[2021/08/30 02:06:02] -   106     52.4       69.5648    85.8857     177.6392   70.6667
[2021/08/30 02:06:53] -   107     51.0       70.0461    85.9124     181.3307   70.4167
[2021/08/30 02:07:43] -   108     50.0       73.0103    85.4052     177.9313   70.8750
[2021/08/30 02:08:33] -   109     50.0       67.7088    86.4337     181.6120   70.2917
[2021/08/30 02:09:25] -   110     50.6       67.2432    86.6394     176.2713   70.8333
[2021/08/30 02:10:18] -   111     50.7       67.5789    86.4337     188.3184   70.2500
[2021/08/30 02:11:08] -   112     49.9       67.2420    86.5060     186.4229   69.0000
[2021/08/30 02:12:08] -   113     60.1       68.5192    86.4133     185.1330   68.2500
[2021/08/30 02:12:58] -   114     50.3       65.3958    87.0336     179.6078   70.2500
[2021/08/30 02:13:52] -   115     51.7       66.8163    86.6756     182.7226   68.7917
[2021/08/30 02:14:42] -   116     50.4       65.5344    86.8153     186.4121   68.2917
[2021/08/30 02:15:33] -   117     51.3       63.5773    87.1671     179.1137   69.9583
[2021/08/30 02:16:25] -   118     50.2       64.9207    86.8766     188.3509   69.8750
[2021/08/30 02:17:16] -   119     51.0       62.6260    87.4356     180.0150   70.5833
[2021/08/30 02:18:09] -   120     51.6       64.7230    86.9928     182.1606   69.2500
[2021/08/30 02:19:01] -   121     52.1       63.4951    87.3838     179.6255   69.5833
[2021/08/30 02:19:54] -   122     52.6       62.9678    87.5550     192.0377   69.2083
[2021/08/30 02:20:47] -   123     51.1       63.0775    87.4921     183.2789   70.1667
[2021/08/30 02:21:38] -   124     51.9       62.9684    87.6476     183.5178   70.0000
[2021/08/30 02:22:29] -   125     50.6       63.2430    87.4639     189.5690   70.2917
[2021/08/30 02:23:21] -   126     51.9       62.6526    87.8329     185.6725   69.6250
[2021/08/30 02:24:15] -   127     52.2       64.9567    87.2990     181.9013   70.9167
[2021/08/30 02:25:07] -   128     52.2       63.4878    87.5722     186.5197   69.9167
[2021/08/30 02:25:58] -   129     51.6       61.6066    87.8580     176.2595   69.9167
[2021/08/30 02:26:51] -   130     52.2       64.3414    87.4670     187.5969   69.8750
[2021/08/30 02:27:41] -   131     50.9       60.2445    88.0669     185.8655   69.7500
[2021/08/30 02:28:35] -   132     52.4       61.4930    87.9648     179.8302   69.8750
[2021/08/30 02:29:27] -   133     51.4       58.1005    88.5898     186.8277   69.0833
[2021/08/30 02:30:20] -   134     51.3       59.1903    88.4862     178.3358   69.9583
[2021/08/30 02:31:11] -   135     51.3       60.9059    88.2475     183.5260   69.5833
[2021/08/30 02:32:02] -   136     51.0       57.7499    88.8065     191.0510   69.2083
[2021/08/30 02:32:55] -   137     51.5       61.4594    88.1344     180.8462   70.4167
[2021/08/30 02:33:46] -   138     51.1       58.2545    88.6526     181.5512   70.5833
[2021/08/30 02:34:38] -   139     51.2       60.8241    88.3103     187.6324   69.7917
[2021/08/30 02:35:28] -   140     50.4       65.3907    87.4356     181.2066   69.9167
[2021/08/30 02:36:19] -   141     50.8       58.8833    88.7469     187.5186   70.1250
[2021/08/30 02:37:10] -   142     50.9       55.8674    89.2855     191.2520   71.7917
[2021/08/30 02:38:03] -   143     50.9       55.8644    89.2337     180.9824   70.5417
[2021/08/30 02:38:54] -   144     51.5       57.0468    89.0688     188.2265   70.6667
[2021/08/30 02:39:45] -   145     51.1       57.1306    89.0609     187.6256   69.4167
[2021/08/30 02:40:36] -   146     51.1       58.0035    88.9322     197.6573   70.5833
[2021/08/30 02:41:27] -   147     51.1       57.7264    88.9856     198.1599   69.2083
[2021/08/30 02:42:18] -   148     50.7       57.9497    89.0138     189.0946   68.5417
[2021/08/30 02:43:09] -   149     50.9       55.7158    89.4143     193.2793   69.2917
[2021/08/30 02:44:02] -   150     51.0       55.4952    89.5195     181.3527   70.3333
[2021/08/30 02:44:55] -   151     51.4       57.3856    89.1740     191.3123   69.2083
[2021/08/30 02:45:46] -   152     51.3       58.0979    89.0468     180.2959   69.4583
[2021/08/30 02:46:37] -   153     50.3       59.0383    88.6778     187.9710   70.1250
[2021/08/30 02:47:27] -   154     50.9       57.8238    89.0845     177.0370   70.6250
[2021/08/30 02:48:18] -   155     50.3       55.8567    89.4818     192.2869   69.8333
[2021/08/30 02:49:08] -   156     50.7       54.6343    89.6765     187.7619   70.7917
[2021/08/30 02:50:03] -   157     52.8       56.6914    89.4865     189.8116   69.5417
[2021/08/30 02:50:54] -   158     50.9       56.1636    89.2478     182.1236   70.8750
[2021/08/30 02:51:45] -   159     51.4       56.1906    89.3138     190.6105   70.1667
[2021/08/30 02:51:45] - Total train time: 141.7262 minutes
