[2021/07/20 14:46:38] - Namespace(resume=False, prefix='Small adv. training', seed=59572406, batch_size=232, epochs=50, lr_max=0.001, target=None, rnd_target=False, iteration=20, step_size=0.005, epsilon=1, kernel_size=13, image_size=224, data_directory='../Restricted_ImageNet', opt_level='O1')
[2021/07/20 14:46:38] - Epoch 	 Seconds 	 	 Train Loss 	 Train Acc
[2021/07/20 15:16:29] -     0 	  1790.7 	 	   534.1349 	   14.0078
[2021/07/20 15:16:29] - Test Loss 	 Test Acc
[2021/07/20 15:16:31] -  545.4359 	  22.9741
[2021/07/20 15:46:21] -     1 	  1789.4 	 	   520.8523 	   16.8181
[2021/07/20 15:46:21] - Test Loss 	 Test Acc
[2021/07/20 15:46:24] -  551.6588 	  24.6552
[2021/07/20 16:16:13] -     2 	  1789.5 	 	   518.8143 	   17.6462
[2021/07/20 16:16:13] - Test Loss 	 Test Acc
[2021/07/20 16:16:16] -  532.5376 	  26.1638
[2021/07/20 16:46:06] -     3 	  1790.1 	 	   514.4362 	   17.9876
[2021/07/20 16:46:06] - Test Loss 	 Test Acc
[2021/07/20 16:46:09] -  528.1070 	  31.1638
[2021/07/20 17:15:58] -     4 	  1788.6 	 	   512.0861 	   18.6704
[2021/07/20 17:15:58] - Test Loss 	 Test Acc
[2021/07/20 17:16:00] -  524.9804 	  26.5948
[2021/07/20 17:45:49] -     5 	  1788.5 	 	   509.2879 	   19.1169
[2021/07/20 17:45:49] - Test Loss 	 Test Acc
[2021/07/20 17:45:52] -  503.6853 	  33.0172
[2021/07/20 18:15:40] -     6 	  1788.2 	 	   507.2428 	   19.6901
[2021/07/20 18:15:40] - Test Loss 	 Test Acc
[2021/07/20 18:15:43] -  509.7104 	  29.6983
[2021/07/20 18:45:31] -     7 	  1787.7 	 	   504.2944 	   20.3390
[2021/07/20 18:45:31] - Test Loss 	 Test Acc
[2021/07/20 18:45:33] -  491.3241 	  34.4828
[2021/07/20 19:15:21] -     8 	  1787.8 	 	   502.5895 	   20.5661
[2021/07/20 19:15:21] - Test Loss 	 Test Acc
[2021/07/20 19:15:24] -  485.1783 	  37.8448
[2021/07/20 19:45:12] -     9 	  1788.2 	 	   499.6012 	   21.0790
[2021/07/20 19:45:12] - Test Loss 	 Test Acc
[2021/07/20 19:45:15] -  476.8174 	  37.2414
[2021/07/20 20:15:03] -    10 	  1788.0 	 	   496.7801 	   21.8484
[2021/07/20 20:15:03] - Test Loss 	 Test Acc
[2021/07/20 20:15:06] -  459.9568 	  40.1293
[2021/07/20 20:44:54] -    11 	  1787.6 	 	   494.2719 	   22.3412
[2021/07/20 20:44:54] - Test Loss 	 Test Acc
[2021/07/20 20:44:56] -  461.4925 	  39.3966
[2021/07/20 21:14:44] -    12 	  1787.6 	 	   491.4016 	   22.7475
[2021/07/20 21:14:44] - Test Loss 	 Test Acc
[2021/07/20 21:14:47] -  447.5822 	  42.5431
[2021/07/20 21:44:36] -    13 	  1788.6 	 	   488.6557 	   23.3794
[2021/07/20 21:44:36] - Test Loss 	 Test Acc
[2021/07/20 21:44:38] -  433.9877 	  45.0862
[2021/07/20 22:14:29] -    14 	  1790.1 	 	   485.2447 	   24.1889
[2021/07/20 22:14:29] - Test Loss 	 Test Acc
[2021/07/20 22:14:31] -  439.4586 	  46.2500
[2021/07/20 22:44:23] -    15 	  1791.0 	 	   482.9942 	   24.4685
[2021/07/20 22:44:23] - Test Loss 	 Test Acc
[2021/07/20 22:44:25] -  411.8455 	  48.5345
[2021/07/20 23:14:17] -    16 	  1791.8 	 	   478.8748 	   25.3677
[2021/07/20 23:14:17] - Test Loss 	 Test Acc
[2021/07/20 23:14:20] -  394.8833 	  50.0862
[2021/07/20 23:44:13] -    17 	  1792.9 	 	   475.2605 	   26.2514
[2021/07/20 23:44:13] - Test Loss 	 Test Acc
[2021/07/20 23:44:15] -  381.8262 	  53.7069
[2021/07/21 00:14:08] -    18 	  1792.5 	 	   472.2765 	   26.6809
[2021/07/21 00:14:08] - Test Loss 	 Test Acc
[2021/07/21 00:14:11] -  379.5325 	  52.1983
[2021/07/21 00:44:04] -    19 	  1792.8 	 	   469.0300 	   27.1104
[2021/07/21 00:44:04] - Test Loss 	 Test Acc
[2021/07/21 00:44:06] -  364.0483 	  55.8621
[2021/07/21 01:14:00] -    20 	  1793.1 	 	   464.9880 	   28.0744
[2021/07/21 01:14:00] - Test Loss 	 Test Acc
[2021/07/21 01:14:02] -  358.4756 	  55.0000
[2021/07/21 01:43:57] -    21 	  1794.4 	 	   461.5583 	   28.5240
[2021/07/21 01:43:57] - Test Loss 	 Test Acc
[2021/07/21 01:43:59] -  341.8447 	  57.8448
[2021/07/21 02:13:53] -    22 	  1793.7 	 	   458.3616 	   29.0786
[2021/07/21 02:13:53] - Test Loss 	 Test Acc
[2021/07/21 02:13:56] -  327.9802 	  59.8707
[2021/07/21 02:43:50] -    23 	  1793.9 	 	   454.9246 	   29.7738
[2021/07/21 02:43:50] - Test Loss 	 Test Acc
[2021/07/21 02:43:53] -  345.4466 	  58.5345
[2021/07/21 03:13:48] -    24 	  1794.9 	 	   451.4287 	   30.6143
[2021/07/21 03:13:48] - Test Loss 	 Test Acc
[2021/07/21 03:13:50] -  310.3554 	  62.0690
[2021/07/21 03:43:46] -    25 	  1795.1 	 	   448.0746 	   30.9557
[2021/07/21 03:43:46] - Test Loss 	 Test Acc
[2021/07/21 03:43:48] -  329.2218 	  59.1810
[2021/07/21 04:13:44] -    26 	  1795.0 	 	   444.9525 	   31.8348
[2021/07/21 04:13:44] - Test Loss 	 Test Acc
[2021/07/21 04:13:46] -  314.3315 	  61.3793
[2021/07/21 04:43:42] -    27 	  1795.7 	 	   441.6453 	   32.1808
[2021/07/21 04:43:42] - Test Loss 	 Test Acc
[2021/07/21 04:43:45] -  297.5961 	  64.6552
[2021/07/21 05:13:41] -    28 	  1795.7 	 	   438.6369 	   32.8359
[2021/07/21 05:13:41] - Test Loss 	 Test Acc
[2021/07/21 05:13:43] -  296.5541 	  63.9655
[2021/07/21 05:43:40] -    29 	  1796.8 	 	   435.0171 	   33.5203
[2021/07/21 05:43:40] - Test Loss 	 Test Acc
[2021/07/21 05:43:43] -  280.6360 	  66.3362
[2021/07/21 06:13:40] -    30 	  1796.8 	 	   432.2257 	   33.8092
[2021/07/21 06:13:40] - Test Loss 	 Test Acc
[2021/07/21 06:13:43] -  284.7749 	  65.3017
[2021/07/21 06:43:39] -    31 	  1796.3 	 	   427.2614 	   34.6172
[2021/07/21 06:43:39] - Test Loss 	 Test Acc
[2021/07/21 06:43:42] -  274.4712 	  67.5431
[2021/07/21 07:13:38] -    32 	  1796.2 	 	   425.4415 	   35.0513
[2021/07/21 07:13:38] - Test Loss 	 Test Acc
[2021/07/21 07:13:41] -  270.2194 	  65.9483
[2021/07/21 07:43:37] -    33 	  1796.3 	 	   422.7600 	   35.3155
[2021/07/21 07:43:37] - Test Loss 	 Test Acc
[2021/07/21 07:43:40] -  265.1991 	  68.3621
[2021/07/21 08:13:37] -    34 	  1796.4 	 	   419.3181 	   35.9010
[2021/07/21 08:13:37] - Test Loss 	 Test Acc
[2021/07/21 08:13:39] -  265.4182 	  68.1897
[2021/07/21 08:43:36] -    35 	  1797.1 	 	   416.7151 	   36.3737
[2021/07/21 08:43:36] - Test Loss 	 Test Acc
[2021/07/21 08:43:39] -  244.4880 	  70.9914
[2021/07/21 09:13:34] -    36 	  1795.1 	 	   414.3856 	   36.6611
[2021/07/21 09:13:34] - Test Loss 	 Test Acc
[2021/07/21 09:13:37] -  253.1851 	  69.9569
[2021/07/21 09:43:32] -    37 	  1794.5 	 	   411.7868 	   37.1524
[2021/07/21 09:43:32] - Test Loss 	 Test Acc
[2021/07/21 09:43:35] -  256.3126 	  69.4397
[2021/07/21 10:13:29] -    38 	  1793.8 	 	   408.2659 	   37.9697
[2021/07/21 10:13:29] - Test Loss 	 Test Acc
[2021/07/21 10:13:31] -  234.9736 	  72.9741
[2021/07/21 10:43:25] -    39 	  1792.9 	 	   406.9551 	   37.8924
[2021/07/21 10:43:25] - Test Loss 	 Test Acc
[2021/07/21 10:43:27] -  245.2171 	  71.2069
[2021/07/21 11:13:20] -    40 	  1793.1 	 	   403.9113 	   38.4625
[2021/07/21 11:13:20] - Test Loss 	 Test Acc
[2021/07/21 11:13:23] -  226.7916 	  73.2328
[2021/07/21 11:43:17] -    41 	  1793.2 	 	   401.0934 	   39.0017
[2021/07/21 11:43:17] - Test Loss 	 Test Acc
[2021/07/21 11:43:19] -  236.3784 	  72.1983
[2021/07/21 12:13:12] -    42 	  1792.4 	 	   398.0535 	   39.5470
[2021/07/21 12:13:12] - Test Loss 	 Test Acc
[2021/07/21 12:13:15] -  223.9955 	  72.9741
[2021/07/21 12:43:07] -    43 	  1792.2 	 	   396.3350 	   39.6567
[2021/07/21 12:43:07] - Test Loss 	 Test Acc
[2021/07/21 12:43:10] -  227.1313 	  73.0172
[2021/07/21 13:13:03] -    44 	  1792.9 	 	   394.2234 	   39.8761
[2021/07/21 13:13:03] - Test Loss 	 Test Acc
[2021/07/21 13:13:05] -  224.4686 	  73.6207
[2021/07/21 13:43:00] -    45 	  1793.9 	 	   392.5777 	   40.1109
[2021/07/21 13:43:00] - Test Loss 	 Test Acc
[2021/07/21 13:43:02] -  218.4129 	  73.7931
[2021/07/21 14:12:52] -    46 	  1789.6 	 	   389.7836 	   40.8015
[2021/07/21 14:12:52] - Test Loss 	 Test Acc
[2021/07/21 14:12:55] -  220.5597 	  74.0948
[2021/07/21 14:42:45] -    47 	  1789.9 	 	   388.3961 	   40.9467
[2021/07/21 14:42:45] - Test Loss 	 Test Acc
[2021/07/21 14:42:47] -  214.1521 	  73.4914
[2021/07/21 15:12:38] -    48 	  1789.9 	 	   385.8179 	   41.4998
[2021/07/21 15:12:38] - Test Loss 	 Test Acc
[2021/07/21 15:12:40] -  206.9348 	  75.5603
[2021/07/21 15:42:30] -    49 	  1789.7 	 	   384.6630 	   41.3747
[2021/07/21 15:42:30] - Test Loss 	 Test Acc
[2021/07/21 15:42:33] -  212.1082 	  74.8276
[2021/07/21 15:42:33] - Total train time: 1495.9124 minutes
