[2021/08/16 05:43:56] - Namespace(resume=False, prefix='default', seed=6869, batch_size=160, epochs=80, lr_max=0.001, target=None, rnd_target=False, iteration=0, step_size=0.005, epsilon=1, kernel_size=13, image_size=224, data_directory='/tmp2/dataset/Restricted_ImageNet_A', opt_level='O1')
[2021/08/16 05:43:56] - Epoch  Seconds    Train Loss  Train Acc    Test Loss  Test Acc
[2021/08/16 05:46:31] -     0    154.5      325.3391    29.0122     273.4310   45.9583
[2021/08/16 05:49:04] -     1    153.1      254.8161    44.5634     240.1442   54.8333
[2021/08/16 05:51:38] -     2    153.1      218.9423    52.6256     243.9682   56.9167
[2021/08/16 05:54:11] -     3    152.9      196.5812    58.0151     195.9363   63.6250
[2021/08/16 05:56:45] -     4    153.5      177.0876    62.2330     178.7362   65.0833
[2021/08/16 05:59:18] -     5    152.9      163.0015    65.3690     154.5867   69.3750
[2021/08/16 06:01:52] -     6    153.0      149.6733    68.1329     149.0960   70.9583
[2021/08/16 06:04:25] -     7    152.9      140.8130    70.1665     178.1077   66.5000
[2021/08/16 06:06:58] -     8    153.0      132.0183    72.2456     145.9979   74.1667
[2021/08/16 06:09:31] -     9    152.7      128.3869    72.9523     125.9363   75.5833
[2021/08/16 06:12:05] -    10    153.0      117.7577    75.3204     124.1081   76.0000
[2021/08/16 06:14:38] -    11    153.0      109.8309    77.0886     101.0593   81.2500
[2021/08/16 06:17:12] -    12    153.4      105.8327    78.0088     143.6841   74.1667
[2021/08/16 06:19:45] -    13    153.2      105.8255    77.8847      98.5970   81.2917
[2021/08/16 06:22:18] -    14    152.8       95.8487    79.9655      82.0487   85.2500
[2021/08/16 06:24:51] -    15    152.8       91.4988    80.9139      88.8825   83.3750
[2021/08/16 06:27:25] -    16    153.3       87.1974    81.7918      85.1112   84.1667
[2021/08/16 06:29:58] -    17    152.8       84.1050    82.3147      73.1653   86.2500
[2021/08/16 06:32:32] -    18    153.3       82.7615    82.7748      93.3734   83.1667
[2021/08/16 06:35:05] -    19    152.8       77.5914    83.7720      89.4117   82.5417
[2021/08/16 06:37:39] -    20    153.2       74.6408    84.4865     103.4354   81.8750
[2021/08/16 06:40:12] -    21    152.9       72.6888    84.7236      78.3196   85.7500
[2021/08/16 06:42:45] -    22    153.0       69.1724    85.5135      72.1341   87.0833
[2021/08/16 06:45:19] -    23    153.0       66.5984    86.1212      83.8658   84.8333
[2021/08/16 06:47:52] -    24    152.9       63.9410    86.4212      74.7551   86.3750
[2021/08/16 06:50:25] -    25    152.9       61.2800    87.1781      69.4898   86.9167
[2021/08/16 06:52:58] -    26    152.4       59.6824    87.5016      62.3583   88.3750
[2021/08/16 06:55:32] -    27    152.9       56.8972    87.9523      87.3330   84.7917
[2021/08/16 06:58:05] -    28    152.9       55.3951    88.3134      78.1935   86.0417
[2021/08/16 07:00:38] -    29    152.7       53.2477    88.6354      66.1485   88.0000
[2021/08/16 07:03:11] -    30    152.7       51.0753    89.1065      79.8560   85.8333
[2021/08/16 07:05:44] -    31    153.0       49.3481    89.5524      73.3709   87.8333
[2021/08/16 07:08:18] -    32    153.2       47.6960    89.9749      67.4968   88.4583
[2021/08/16 07:10:51] -    33    152.7       46.4877    90.2057      68.6943   88.2083
[2021/08/16 07:13:24] -    34    153.0       45.1937    90.3957      75.1628   85.5417
[2021/08/16 07:15:58] -    35    152.8       43.4600    90.8182      66.0817   89.1667
[2021/08/16 07:18:31] -    36    152.8       41.9221    90.9909      94.0344   83.8333
[2021/08/16 07:21:04] -    37    153.0       40.4265    91.4667      58.4316   90.6250
[2021/08/16 07:23:38] -    38    152.9       39.4924    91.7399      62.9537   89.1667
[2021/08/16 07:26:11] -    39    153.0       37.7240    91.9284      67.3300   88.7917
[2021/08/16 07:28:44] -    40    153.0       36.9574    92.1749      76.9870   86.8333
[2021/08/16 07:31:18] -    41    153.1       35.1806    92.4466      70.5742   88.4167
[2021/08/16 07:33:51] -    42    153.1       34.5699    92.6398      70.9941   89.5833
[2021/08/16 07:36:25] -    43    153.4       34.1752    92.7214      66.2202   89.4167
[2021/08/16 07:38:58] -    44    153.0       32.6893    92.9994      67.3766   89.1667
[2021/08/16 07:41:31] -    45    152.6       31.1123    93.4030      72.0502   88.5000
[2021/08/16 07:44:04] -    46    152.8       31.4536    93.2632      61.0481   90.5000
[2021/08/16 07:46:37] -    47    152.9       30.0021    93.5490      63.8461   90.2500
[2021/08/16 07:49:10] -    48    152.9       29.2189    93.7437      72.7754   88.3750
[2021/08/16 07:51:44] -    49    153.1       28.7511    93.8725      65.9053   89.4167
