[2021/07/23 11:40:48] - Namespace(resume=False, prefix='res34 adv. training', seed=59572406, batch_size=232, epochs=100, lr_max=0.001, target=None, rnd_target=False, iteration=20, step_size=0.005, epsilon=1, kernel_size=13, image_size=224, data_directory='../Restricted_ImageNet', opt_level='O1')
[2021/07/23 11:40:48] - Epoch 	 Seconds 	 	 Train Loss 	 Train Acc
[2021/07/23 12:20:03] -     0 	  2354.5 	 	   541.8668 	   12.1539
[2021/07/23 12:20:03] - Test Loss 	 Test Acc
[2021/07/23 12:20:06] -  550.7703 	  22.7155
[2021/07/23 12:59:20] -     1 	  2354.3 	 	   524.1663 	   16.1460
[2021/07/23 12:59:20] - Test Loss 	 Test Acc
[2021/07/23 12:59:23] -  546.3012 	  23.8362
[2021/07/23 13:38:38] -     2 	  2354.4 	 	   519.5995 	   17.1471
[2021/07/23 13:38:38] - Test Loss 	 Test Acc
[2021/07/23 13:38:41] -  538.6896 	  27.1983
[2021/07/23 14:17:56] -     3 	  2354.8 	 	   515.5442 	   17.9304
[2021/07/23 14:17:56] - Test Loss 	 Test Acc
[2021/07/23 14:17:59] -  526.3280 	  25.9914
[2021/07/23 14:57:17] -     4 	  2357.6 	 	   512.1732 	   18.3661
[2021/07/23 14:57:17] - Test Loss 	 Test Acc
[2021/07/23 14:57:20] -  522.4798 	  30.2155
[2021/07/23 15:36:36] -     5 	  2356.2 	 	   509.6141 	   18.9717
[2021/07/23 15:36:36] - Test Loss 	 Test Acc
[2021/07/23 15:36:39] -  506.2479 	  32.7155
[2021/07/23 16:15:56] -     6 	  2356.4 	 	   507.1042 	   19.3888
[2021/07/23 16:15:56] - Test Loss 	 Test Acc
[2021/07/23 16:15:59] -  505.8996 	  33.6207
[2021/07/23 16:55:16] -     7 	  2356.8 	 	   504.6396 	   20.0485
[2021/07/23 16:55:16] - Test Loss 	 Test Acc
[2021/07/23 16:55:19] -  505.8078 	  31.7672
[2021/07/23 17:34:36] -     8 	  2356.8 	 	   502.4321 	   20.4826
[2021/07/23 17:34:36] - Test Loss 	 Test Acc
[2021/07/23 17:34:39] -  477.8757 	  37.7586
[2021/07/23 18:13:56] -     9 	  2356.3 	 	   500.5605 	   20.8859
[2021/07/23 18:13:56] - Test Loss 	 Test Acc
[2021/07/23 18:13:58] -  498.7855 	  33.5776
[2021/07/23 18:53:15] -    10 	  2356.3 	 	   497.6956 	   21.4652
[2021/07/23 18:53:15] - Test Loss 	 Test Acc
[2021/07/23 18:53:18] -  471.3971 	  39.8707
[2021/07/23 19:32:34] -    11 	  2356.0 	 	   494.5679 	   22.0152
[2021/07/23 19:32:34] - Test Loss 	 Test Acc
[2021/07/23 19:32:37] -  461.2201 	  40.2586
[2021/07/23 20:11:53] -    12 	  2355.8 	 	   492.1037 	   22.7336
[2021/07/23 20:11:53] - Test Loss 	 Test Acc
[2021/07/23 20:11:56] -  437.3193 	  45.8621
[2021/07/23 20:51:13] -    13 	  2356.9 	 	   488.1514 	   23.3778
[2021/07/23 20:51:13] - Test Loss 	 Test Acc
[2021/07/23 20:51:16] -  432.9521 	  47.1552
[2021/07/23 21:30:34] -    14 	  2357.4 	 	   484.1312 	   24.4299
[2021/07/23 21:30:34] - Test Loss 	 Test Acc
[2021/07/23 21:30:37] -  417.1769 	  46.8103
[2021/07/23 22:09:56] -    15 	  2359.0 	 	   481.1442 	   24.8749
[2021/07/23 22:09:56] - Test Loss 	 Test Acc
[2021/07/23 22:09:59] -  409.6386 	  49.9569
[2021/07/23 22:49:19] -    16 	  2359.1 	 	   477.2906 	   25.7895
[2021/07/23 22:49:19] - Test Loss 	 Test Acc
[2021/07/23 22:49:21] -  404.0631 	  51.3362
[2021/07/23 23:28:42] -    17 	  2360.0 	 	   473.2544 	   26.3425
[2021/07/23 23:28:42] - Test Loss 	 Test Acc
[2021/07/23 23:28:45] -  383.4415 	  52.4569
[2021/07/24 00:08:05] -    18 	  2360.4 	 	   468.6624 	   27.2139
[2021/07/24 00:08:05] - Test Loss 	 Test Acc
[2021/07/24 00:08:08] -  359.3004 	  55.0862
[2021/07/24 00:47:30] -    19 	  2361.2 	 	   464.2960 	   28.4359
[2021/07/24 00:47:30] - Test Loss 	 Test Acc
[2021/07/24 00:47:33] -  347.3477 	  57.2414
[2021/07/24 01:26:54] -    20 	  2361.3 	 	   460.0171 	   28.9936
[2021/07/24 01:26:54] - Test Loss 	 Test Acc
[2021/07/24 01:26:57] -  339.1612 	  58.3190
[2021/07/24 02:06:18] -    21 	  2360.7 	 	   455.4363 	   29.6796
[2021/07/24 02:06:18] - Test Loss 	 Test Acc
[2021/07/24 02:06:21] -  323.6221 	  60.3879
[2021/07/24 02:45:43] -    22 	  2361.3 	 	   451.3430 	   30.3825
[2021/07/24 02:45:43] - Test Loss 	 Test Acc
[2021/07/24 02:45:46] -  333.2672 	  60.3448
[2021/07/24 03:25:09] -    23 	  2362.5 	 	   446.2248 	   31.5860
[2021/07/24 03:25:09] - Test Loss 	 Test Acc
[2021/07/24 03:25:11] -  309.5767 	  61.8966
[2021/07/24 04:04:33] -    24 	  2361.4 	 	   441.4266 	   32.1638
[2021/07/24 04:04:33] - Test Loss 	 Test Acc
[2021/07/24 04:04:36] -  295.7619 	  64.1810
[2021/07/24 04:43:58] -    25 	  2361.9 	 	   436.3539 	   33.1727
[2021/07/24 04:43:58] - Test Loss 	 Test Acc
[2021/07/24 04:44:01] -  294.4215 	  65.0000
[2021/07/24 05:23:25] -    26 	  2362.8 	 	   433.1191 	   33.5774
[2021/07/24 05:23:25] - Test Loss 	 Test Acc
[2021/07/24 05:23:27] -  294.0981 	  66.4655
[2021/07/24 06:02:51] -    27 	  2363.0 	 	   428.8931 	   34.4936
[2021/07/24 06:02:51] - Test Loss 	 Test Acc
[2021/07/24 06:02:53] -  274.6813 	  66.5086
[2021/07/24 06:42:16] -    28 	  2362.5 	 	   423.9748 	   35.3495
[2021/07/24 06:42:16] - Test Loss 	 Test Acc
[2021/07/24 06:42:19] -  266.8377 	  68.7069
[2021/07/24 07:21:43] -    29 	  2363.4 	 	   420.2928 	   35.7620
[2021/07/24 07:21:43] - Test Loss 	 Test Acc
[2021/07/24 07:21:46] -  259.4787 	  69.1379
[2021/07/24 08:01:08] -    30 	  2362.3 	 	   415.1903 	   36.7692
[2021/07/24 08:01:08] - Test Loss 	 Test Acc
[2021/07/24 08:01:11] -  242.3982 	  71.2500
[2021/07/24 08:40:34] -    31 	  2362.7 	 	   411.2331 	   37.4274
[2021/07/24 08:40:34] - Test Loss 	 Test Acc
[2021/07/24 08:40:37] -  253.2393 	  68.8362
[2021/07/24 09:20:01] -    32 	  2363.3 	 	   407.5368 	   37.9928
[2021/07/24 09:20:01] - Test Loss 	 Test Acc
[2021/07/24 09:20:04] -  235.4892 	  71.9828
[2021/07/24 09:59:28] -    33 	  2364.0 	 	   404.2934 	   38.3729
[2021/07/24 09:59:28] - Test Loss 	 Test Acc
[2021/07/24 09:59:31] -  228.0966 	  73.3621
[2021/07/24 10:38:54] -    34 	  2362.8 	 	   400.2706 	   39.0696
[2021/07/24 10:38:54] - Test Loss 	 Test Acc
[2021/07/24 10:38:57] -  228.1568 	  73.6207
[2021/07/24 11:18:21] -    35 	  2364.3 	 	   395.8018 	   39.8885
[2021/07/24 11:18:21] - Test Loss 	 Test Acc
[2021/07/24 11:18:24] -  215.2725 	  73.0172
[2021/07/24 11:57:49] -    36 	  2364.1 	 	   392.3049 	   40.4802
[2021/07/24 11:57:49] - Test Loss 	 Test Acc
[2021/07/24 11:57:52] -  217.1611 	  74.3103
[2021/07/24 12:37:16] -    37 	  2363.8 	 	   389.3003 	   40.7567
[2021/07/24 12:37:16] - Test Loss 	 Test Acc
[2021/07/24 12:37:19] -  219.6235 	  73.3621
[2021/07/24 13:16:44] -    38 	  2364.5 	 	   386.4645 	   41.3345
[2021/07/24 13:16:44] - Test Loss 	 Test Acc
[2021/07/24 13:16:47] -  224.3875 	  73.2759
[2021/07/24 13:56:12] -    39 	  2364.6 	 	   383.2364 	   41.8026
[2021/07/24 13:56:12] - Test Loss 	 Test Acc
[2021/07/24 13:56:15] -  215.9570 	  74.7845
[2021/07/24 14:35:40] -    40 	  2364.6 	 	   380.8324 	   42.1440
[2021/07/24 14:35:40] - Test Loss 	 Test Acc
[2021/07/24 14:35:42] -  202.0010 	  75.6034
[2021/07/24 15:15:07] -    41 	  2364.3 	 	   376.0230 	   43.0710
[2021/07/24 15:15:07] - Test Loss 	 Test Acc
[2021/07/24 15:15:10] -  201.8028 	  75.7328
[2021/07/24 15:54:35] -    42 	  2365.1 	 	   375.3271 	   42.9459
[2021/07/24 15:54:35] - Test Loss 	 Test Acc
[2021/07/24 15:54:38] -  195.4730 	  76.9828
[2021/07/24 16:34:03] -    43 	  2364.9 	 	   370.9863 	   43.7863
[2021/07/24 16:34:03] - Test Loss 	 Test Acc
[2021/07/24 16:34:06] -  190.9707 	  77.6724
[2021/07/24 17:13:31] -    44 	  2364.5 	 	   369.4304 	   44.0876
[2021/07/24 17:13:31] - Test Loss 	 Test Acc
[2021/07/24 17:13:34] -  188.1410 	  78.2328
[2021/07/24 17:52:59] -    45 	  2364.6 	 	   366.1788 	   44.3487
[2021/07/24 17:52:59] - Test Loss 	 Test Acc
[2021/07/24 17:53:02] -  190.3392 	  76.4224
[2021/07/24 18:32:26] -    46 	  2364.0 	 	   363.5306 	   44.7380
[2021/07/24 18:32:26] - Test Loss 	 Test Acc
[2021/07/24 18:32:29] -  187.1864 	  77.8448
[2021/07/24 19:11:53] -    47 	  2364.0 	 	   360.5190 	   45.2818
[2021/07/24 19:11:53] - Test Loss 	 Test Acc
[2021/07/24 19:11:56] -       nan 	  77.1121
[2021/07/24 19:51:21] -    48 	  2364.3 	 	   358.7512 	   45.5120
[2021/07/24 19:51:21] - Test Loss 	 Test Acc
[2021/07/24 19:51:24] -       nan 	  76.8534
