[2021/08/16 15:40:18] - Namespace(resume=False, prefix='resnet50_adv', seed=6869, batch_size=160, epochs=80, lr_max=0.001, target=None, rnd_target=False, iteration=20, step_size=0.005, epsilon=1, kernel_size=13, image_size=224, data_directory='/tmp2/dataset/Restricted_ImageNet_A', opt_level='O1')
[2021/08/16 15:40:18] - Epoch  Seconds    Train Loss  Train Acc    Test Loss  Test Acc
[2021/08/16 16:38:36] -     0   3498.2      374.4738    13.1140     363.2971   26.4167
[2021/08/16 17:36:57] -     1   3500.3      357.9402    17.7183     343.1298   32.7917
[2021/08/16 18:35:20] -     2   3503.0      348.3365    20.7506     350.0235   33.0833
[2021/08/16 19:33:43] -     3   3502.3      341.7102    22.6303     310.0858   39.9583
[2021/08/16 20:32:05] -     4   3502.2      335.6659    24.2839     312.0281   40.4583
[2021/08/16 21:30:28] -     5   3501.7      330.7352    25.2387     286.4142   45.7500
[2021/08/16 22:28:50] -     6   3501.8      325.9354    26.7007     287.1752   46.2917
[2021/08/16 23:27:12] -     7   3501.3      320.8452    27.8737     268.0217   51.7917
[2021/08/17 00:25:33] -     8   3501.3      316.5254    29.0531     261.2009   50.6667
[2021/08/17 01:23:55] -     9   3501.1      312.0398    29.9796     237.3754   55.1667
[2021/08/17 02:22:17] -    10   3501.6      306.2766    31.3693     261.1410   52.8333
[2021/08/17 03:20:38] -    11   3500.5      303.0881    32.1577     233.9934   59.0833
[2021/08/17 04:18:58] -    12   3500.0      297.6586    33.5097     230.0287   60.2500
[2021/08/17 05:17:18] -    13   3499.6      293.0851    34.6058     211.1892   62.7917
[2021/08/17 06:15:40] -    14   3500.8      289.3268    35.4287     206.3913   63.5417
[2021/08/17 07:14:00] -    15   3500.0      285.2903    36.5107     192.5295   67.1250
[2021/08/17 08:12:21] -    16   3500.2      280.1519    37.7057     190.5967   66.7917
[2021/08/17 09:10:41] -    17   3499.8      276.2112    38.4438     202.6207   66.5417
[2021/08/17 10:08:59] -    18   3497.6      273.9141    38.8317     171.8221   69.2083
[2021/08/17 11:07:16] -    19   3496.9      268.0173    40.2968     168.5680   71.2083
[2021/08/17 12:05:36] -    20   3498.8      263.7907    41.3175          nan   68.7917
[2021/08/17 13:03:55] -    21   3498.8      259.9163    42.0148     160.1761   71.8333
[2021/08/17 14:02:14] -    22   3498.9      255.9105    42.8125     153.6178   73.4167
[2021/08/17 15:00:34] -    23   3499.6      252.5002    43.6338     153.6392   73.6667
[2021/08/17 15:58:54] -    24   3498.9      248.7514    44.7849     140.4085   74.0833
[2021/08/17 16:57:13] -    25   3499.3      245.4541    45.4774     138.2974   76.1667
[2021/08/17 17:55:32] -    26   3498.8      245.3655    45.5543     140.7564   76.2500
[2021/08/17 18:53:49] -    27   3496.8      248.9563    44.6765     132.7443   77.2083
[2021/08/17 19:52:07] -    28   3497.2      237.3764    46.9378     131.1586   77.2917
[2021/08/17 20:50:27] -    29   3499.6      233.2995    48.1501     124.0263   77.5417
[2021/08/17 21:48:46] -    30   3499.2      231.3318    48.5726     124.3425   77.5833
[2021/08/17 22:47:06] -    31   3499.3      227.8505    49.1536          nan   80.5417
[2021/08/17 23:45:26] -    32   3500.0      226.4707    49.5587     119.1051   79.5417
[2021/08/18 00:43:47] -    33   3499.8      221.6733    50.6062     113.0129   80.3750
[2021/08/18 01:42:07] -    34   3499.8      218.5319    51.0600     116.1237   80.4583
[2021/08/18 02:40:27] -    35   3499.7      215.4934    51.9786          nan   81.4583
[2021/08/18 03:38:47] -    36   3499.5      213.9017    52.1702          nan   75.2917
[2021/08/18 04:37:07] -    37   3500.1      211.2441    52.6869          nan   81.0417
[2021/08/18 05:35:27] -    38   3499.3      208.0966    53.2962          nan   82.6667
[2021/08/18 06:33:47] -    39   3499.1      205.6119    54.0923          nan   81.8333
[2021/08/18 07:32:06] -    40   3499.3      203.2650    54.2447      99.8513   82.7083
[2021/08/18 08:30:25] -    41   3498.6      200.1410    54.9388          nan   82.1667
[2021/08/18 09:28:44] -    42   3497.8      198.5209    55.3910      96.4233   82.7083
[2021/08/18 10:27:03] -    43   3498.8      197.3663    55.7443          nan   83.4583
[2021/08/18 11:25:20] -    44   3497.1      195.2589    56.0616      96.6405   83.0417
[2021/08/18 12:23:35] -    45   3494.3      190.3348    57.0069      95.1217   84.4167
[2021/08/18 13:21:47] -    46   3491.6      192.3478    56.5484      89.3581   84.1667
[2021/08/18 14:19:57] -    47   3489.5      187.6926    57.4639      88.6958   84.7083
[2021/08/18 15:18:07] -    48   3490.1      184.2129    58.2443      93.8205   83.6250
[2021/08/18 16:16:19] -    49   3491.0      186.1043    58.0151      84.0027   85.4167
[2021/08/18 17:14:30] -    50   3491.3      178.8798    59.6969      84.8872   85.0000
[2021/08/18 18:12:42] -    51   3491.9      176.6968    60.0094      82.4299   86.1250
[2021/08/18 19:10:57] -    52   3494.4      174.7884    60.3549      82.5037   85.9583
[2021/08/18 20:09:13] -    53   3495.0      171.7627    60.9893      79.5510   85.9583
[2021/08/18 21:07:28] -    54   3495.1      169.3455    61.2830      80.1584   85.4583
[2021/08/18 22:05:44] -    55   3495.0      167.5414    61.9378      83.2928   85.5000
[2021/08/18 23:03:59] -    56   3495.3      165.7501    61.9519      77.5208   86.5417
[2021/08/19 00:02:15] -    57   3495.7      163.6336    62.5879      81.2042   85.8750
[2021/08/19 01:00:31] -    58   3495.6      161.5556    63.0700      82.8790   85.3750
[2021/08/19 01:58:47] -    59   3495.1      159.2650    63.4673      75.0913   86.2083
[2021/08/19 02:57:03] -    60   3495.5      156.9659    63.8536      78.0916   85.8333
[2021/08/19 03:55:21] -    61   3498.2      155.3617    64.2933      79.5175   86.2917
[2021/08/19 04:53:40] -    62   3497.9      153.4406    64.8335      76.6381   86.3750
[2021/08/19 05:51:59] -    63   3498.8      151.0302    65.3109      74.2287   86.3750
[2021/08/19 06:50:18] -    64   3499.3      148.6464    65.7726      73.5611   86.7500
[2021/08/19 07:48:39] -    65   3499.8      147.3357    65.7710      75.3233   86.7083
[2021/08/19 08:46:57] -    66   3498.5      145.0633    66.4683      73.7481   86.5000
[2021/08/19 09:45:16] -    67   3498.7      143.7087    66.6928      73.3661   87.4583
[2021/08/19 10:43:35] -    68   3498.5      141.4533    67.1388      75.3575   86.2500
[2021/08/19 11:41:54] -    69   3498.5      139.4663    67.5377      72.3257   86.9583
[2021/08/19 12:40:14] -    70   3499.1      137.6569    67.9350      75.1975   86.9583
[2021/08/19 13:38:33] -    71   3498.7      135.8563    68.4611      73.8074   86.3333
[2021/08/19 14:36:52] -    72   3498.7      134.9139    68.4956      73.5766   86.7917
[2021/08/19 15:35:11] -    73   3498.8      132.0315    69.2823      74.3714   86.6250
[2021/08/19 16:33:30] -    74   3498.7      130.0806    69.7173      72.6789   86.8333
[2021/08/19 17:31:49] -    75   3498.5      128.5083    69.9403      72.2279   87.2500
[2021/08/19 18:30:08] -    76   3498.1      126.8152    70.4648      75.3116   86.8333
[2021/08/19 19:28:26] -    77   3498.1      125.5815    70.6109      72.1296   86.5417
[2021/08/19 20:26:44] -    78   3497.1      124.1014    70.9077      70.9948   87.4167
[2021/08/19 21:25:01] -    79   3497.5      122.5096    71.1275      71.5527   86.7500
[2021/08/20 00:46:01] -    80   3490.2      121.4579    71.4337      72.6021   87.0417
[2021/08/20 01:44:11] -    81   3489.6      120.0717    71.8232      70.8196   87.7083
[2021/08/20 02:42:21] -    82   3489.4      117.9037    72.2990      73.4766   87.0833
[2021/08/20 03:40:30] -    83   3488.6      116.5087    72.6225      73.2328   87.3750
[2021/08/20 04:38:39] -    84   3488.4      114.9879    72.7450      74.3234   87.2083
[2021/08/20 05:36:49] -    85   3489.2      113.4790    73.2915      77.1238   86.5417
[2021/08/20 06:34:58] -    86   3488.6      112.2566    73.4092      76.9251   86.8750
[2021/08/20 07:33:08] -    87   3489.8      112.0196    73.3637      79.1710   86.2500
[2021/08/20 08:31:15] -    88   3487.4      109.4417    74.0562      78.5034   86.4167
[2021/08/20 09:29:24] -    89   3488.7      107.8205    74.4802      74.8738   86.9583
[2021/08/20 10:27:29] -    90   3484.4      106.6125    74.7802      72.2678   87.2500
[2021/08/20 11:25:36] -    91   3486.6      106.0935    74.7126      73.5370   86.5000
[2021/08/20 12:23:45] -    92   3488.2      104.6293    75.0126      75.5496   86.4583
[2021/08/20 13:21:51] -    93   3486.1      103.1038    75.4083      76.4856   86.4583
[2021/08/20 14:19:56] -    94   3484.7      102.5765    75.6266      76.0760   86.5417
[2021/08/20 15:18:03] -    95   3486.2      100.8263    76.0506      74.7927   87.0417
[2021/08/20 16:16:08] -    96   3484.8      100.0965    76.2500      75.5774   86.2083
[2021/08/20 17:14:14] -    97   3485.9       98.6478    76.4227      76.5495   85.8333
[2021/08/20 18:12:21] -    98   3486.5       97.3883    77.0870      77.5575   86.7500
[2021/08/20 19:10:29] -    99   3487.5       96.5927    76.9410      74.7885   86.7917
[2021/08/20 20:08:37] -   100   3488.2       94.9947    77.4639      72.4339   87.9167
[2021/08/20 21:06:44] -   101   3486.1       94.8153    77.5691      74.7601   87.9167
[2021/08/20 22:04:52] -   102   3488.4       92.8226    78.0104      73.5873   86.8750
[2021/08/20 23:03:01] -   103   3488.1       93.0520    77.8769      77.0160   86.2083
[2021/08/21 00:01:09] -   104   3488.2       92.5973    77.7827      84.0213   86.0833
[2021/08/21 00:59:17] -   105   3487.9       90.0061    78.4783      76.8016   86.8333
[2021/08/21 01:57:25] -   106   3487.3       89.7740    78.5349      77.6057   86.2500
[2021/08/21 02:55:33] -   107   3488.5       88.8592    78.8442      74.5079   87.4167
[2021/08/21 03:53:42] -   108   3488.3       88.0325    79.0013      80.1332   86.1250
[2021/08/21 04:51:51] -   109   3488.4       86.1801    79.5132      75.5506   87.7083
[2021/08/21 05:50:00] -   110   3488.7       85.1499    79.5886      77.0088   86.2500
[2021/08/21 06:48:08] -   111   3488.0       84.5173    79.7393      73.7635   86.8333
[2021/08/21 07:46:16] -   112   3488.1       84.2459    79.9246      82.5537   86.6250
[2021/08/21 08:44:27] -   113   3490.2       83.0343    80.1084      78.6570   86.5833
[2021/08/21 09:42:35] -   114   3487.8       83.1242    80.2026      74.5234   87.2083
[2021/08/21 10:40:41] -   115   3486.1       81.9077    80.3282      80.5218   86.5833
[2021/08/21 11:38:50] -   116   3488.2       81.8515    80.6737      79.3595   86.4583
[2021/08/21 12:36:59] -   117   3488.8       80.6631    80.6690      78.6002   86.0417
[2021/08/21 13:35:07] -   118   3487.9       80.0377    80.9658      79.4020   86.4583
[2021/08/21 14:33:13] -   119   3485.7       78.9357    81.1856      74.4735   87.1667
[2021/08/21 15:31:21] -   120   3488.0       78.1387    81.4746      75.7157   86.7083
[2021/08/21 16:29:31] -   121   3489.4       78.1410    81.4400      80.7219   86.7500
[2021/08/21 17:27:42] -   122   3490.4       77.2872    81.5986      74.5028   87.8750
[2021/08/21 18:25:53] -   123   3490.5       76.1316    81.9237      76.6762   87.2917
[2021/08/21 19:24:02] -   124   3489.6       75.4031    81.9582      82.9395   85.9167
[2021/08/21 20:22:13] -   125   3490.3       74.5105    82.1608      78.3683   86.9167
[2021/08/21 21:20:23] -   126   3489.4       74.0012    82.1906      76.0128   87.5833
[2021/08/21 22:18:33] -   127   3490.0       73.6498    82.4780      77.3708   86.7917
[2021/08/21 23:16:43] -   128   3490.0       73.1266    82.4937      84.3430   87.1250
[2021/08/22 00:14:53] -   129   3489.8       72.5463    82.6900      79.0117   88.0000
[2021/08/22 01:13:01] -   130   3487.4       71.7702    82.9994      82.9398   85.9583
[2021/08/22 02:11:11] -   131   3489.7       70.8092    83.2443      80.1643   87.2917
[2021/08/22 03:09:19] -   132   3487.9       70.5231    83.1988      79.2671   86.5000
[2021/08/22 04:07:27] -   133   3487.7       69.8819    83.3684      79.8196   86.0000
[2021/08/22 05:05:36] -   134   3488.5       70.1889    83.4124      76.6571   87.2083
[2021/08/22 06:03:44] -   135   3488.8       69.1657    83.6118      77.9572   86.4583
[2021/08/22 07:01:53] -   136   3488.5       68.7465    83.4626      79.0975   86.4583
[2021/08/22 08:00:02] -   137   3488.9       67.9930    83.8332      80.2298   86.9583
[2021/08/22 08:58:11] -   138   3488.2       68.1178    83.7736      80.7375   86.4583
[2021/08/22 09:56:20] -   139   3489.4       67.8162    83.8803      75.4157   87.0000
[2021/08/22 10:54:28] -   140   3488.2       66.8249    84.2431      78.1262   87.0417
[2021/08/22 11:52:36] -   141   3487.7       75.2946    82.1765      77.0509   86.7083
[2021/08/22 12:50:44] -   142   3487.2       67.1103    83.9070      77.4774   87.0833
[2021/08/22 13:48:52] -   143   3488.6       64.2200    84.8116      75.7662   87.2500
[2021/08/22 14:47:01] -   144   3488.1       64.2969    84.5996      81.0287   86.5833
[2021/08/22 15:45:07] -   145   3486.7       63.7689    85.0612      81.7753   86.7500
[2021/08/22 16:43:15] -   146   3486.7       62.7722    84.9513      80.2508   86.9583
[2021/08/22 17:41:21] -   147   3486.9       62.8868    85.0000      82.0370   87.2500
[2021/08/22 18:39:28] -   148   3486.3       62.5617    85.1193      78.4863   87.4583
[2021/08/22 19:37:36] -   149   3488.2       62.6672    85.2827      84.3837   85.7500
[2021/08/22 20:35:44] -   150   3488.1       62.8000    85.0550      82.2530   86.7917
[2021/08/22 21:33:52] -   151   3488.0       60.5611    85.6376      82.5340   86.3750
[2021/08/22 22:32:01] -   152   3488.8       61.3862    85.4617      79.5939   86.6250
[2021/08/22 23:30:10] -   153   3488.4       60.6978    85.6910      80.4262   86.8750
[2021/08/23 00:28:19] -   154   3488.9       60.5671    85.5920      78.5942   86.7917
[2021/08/23 01:26:27] -   155   3488.1       60.2075    85.8134      79.8960   87.3333
[2021/08/23 02:24:36] -   156   3489.2       59.3896    85.9218      83.2342   86.8750
[2021/08/23 03:22:46] -   157   3489.4       59.8454    85.6124      83.4138   86.1250
[2021/08/23 04:20:56] -   158   3489.9       59.1159    85.9344      75.5878   87.2917
[2021/08/23 05:19:06] -   159   3490.3       59.4115    85.9658      79.6347   86.4583
[2021/08/23 05:19:06] - Total train time: 9315.9883 minutes
