[2021/08/26 00:24:06] - Namespace(cuda='6', description='resnet50', prefix='', seed=6869, batch_size=160, epochs=80, lr_max=0.001, target=None, iteration=0, step_size=0.005, epsilon=1, kernel_size=13, image_size=224, dataset_root='/tmp2/dataset/Restricted_ImageNet_A', ckpt_root='/tmp2/aislab/adv_ckpt', opt_level='O1')
[2021/08/26 00:24:06] - Epoch  Seconds    Train Loss  Train Acc    Test Loss  Test Acc
[2021/08/26 00:27:39] -     0    213.1      323.6521    29.1143     273.6146   43.3750
[2021/08/26 00:31:01] -     1    201.5      249.7475    45.5276     250.3185   46.9167
[2021/08/26 00:34:22] -     2    201.3      219.5072    52.5079     206.4008   58.7083
[2021/08/26 00:37:45] -     3    202.5      192.9105    58.7437     187.6277   63.5417
[2021/08/26 00:41:12] -     4    206.6      172.7951    63.3637     163.2416   67.7083
[2021/08/26 00:44:33] -     5    200.3      156.4345    66.8090     179.0319   65.5833
[2021/08/26 00:47:54] -     6    200.5      146.2112    69.1442     143.3976   71.7917
[2021/08/26 00:51:16] -     7    202.3      135.5018    71.3662     116.9089   77.6250
[2021/08/26 00:54:39] -     8    202.0      127.1135    73.2396     142.8501   72.0833
[2021/08/26 00:57:59] -     9    199.8      119.7692    74.7393     108.7184   79.0417
[2021/08/26 01:01:21] -    10    201.5      112.6338    76.3615     114.9446   78.7083
[2021/08/26 01:04:45] -    11    203.5      106.8731    77.8062     116.2681   78.0833
[2021/08/26 01:08:17] -    12    211.7      102.6866    78.4956     102.9984   79.6667
[2021/08/26 01:11:43] -    13    205.4       97.2546    79.5933      87.6824   84.2500
[2021/08/26 01:15:11] -    14    207.2       92.9974    80.6674      87.0484   84.1250
[2021/08/26 01:18:34] -    15    202.7       91.2120    81.0144      96.5620   81.4583
[2021/08/26 01:21:58] -    16    203.5       88.4135    81.5845     106.7339   79.9583
[2021/08/26 01:25:48] -    17    229.9       82.7162    82.6947      78.1584   84.5833
[2021/08/26 01:29:10] -    18    201.7       79.1403    83.5019      79.9495   85.1250
[2021/08/26 01:32:32] -    19    201.5       75.2571    84.2604     104.9769   80.8750
[2021/08/26 01:35:56] -    20    203.7       72.9748    84.6278      96.2081   82.4583
[2021/08/26 01:40:23] -    21    267.0       70.3442    85.1413      93.9357   83.4583
[2021/08/26 01:44:14] -    22    229.7       67.5154    85.7475      73.3818   86.8750
[2021/08/26 01:47:39] -    23    205.3       65.2698    86.2688      75.1731   86.8750
[2021/08/26 01:51:02] -    24    202.2       63.3642    86.7635      69.1451   87.6250
[2021/08/26 01:54:25] -    25    202.5       60.5806    87.2911      70.2714   87.3750
[2021/08/26 01:57:48] -    26    202.6       58.7467    87.6586      74.6850   86.2500
[2021/08/26 02:01:10] -    27    201.8       55.8165    88.3888      68.0771   87.4167
[2021/08/26 02:04:32] -    28    201.7       54.3790    88.5082      86.6997   84.5000
[2021/08/26 02:07:57] -    29    204.6       52.8718    88.8474      65.4215   88.0000
[2021/08/26 02:11:25] -    30    206.9       50.4627    89.2588      76.9964   86.2917
[2021/08/26 02:15:01] -    31    216.3       49.1063    89.5697      84.6635   85.2917
[2021/08/26 02:18:32] -    32    210.4       47.7634    89.8194      70.8589   87.7083
[2021/08/26 02:21:55] -    33    202.4       45.8149    90.2261      91.0346   84.2083
[2021/08/26 02:25:20] -    34    204.2       44.5634    90.5826      62.0264   88.7917
[2021/08/26 02:28:41] -    35    201.4       43.2588    90.8543      74.2129   88.0417
[2021/08/26 02:32:04] -    36    202.0       41.6417    91.2798      99.7024   82.6667
[2021/08/26 02:35:27] -    37    202.6       40.0086    91.4384      73.7356   87.2500
[2021/08/26 02:38:50] -    38    203.4       39.4961    91.5751      66.5346   89.1667
[2021/08/26 02:42:13] -    39    201.9       37.5196    92.0886      67.6409   89.2500
[2021/08/26 02:45:35] -    40    201.6       36.8349    92.2173      69.0251   88.1250
[2021/08/26 02:49:09] -    41    213.8       35.8070    92.3116     104.3993   84.0833
[2021/08/26 02:52:31] -    42    202.3       35.5710    92.4890      70.5362   88.8333
[2021/08/26 02:55:57] -    43    204.7       33.6744    92.8737      58.0291   90.6250
[2021/08/26 02:59:19] -    44    202.0       33.4432    92.8832      65.4395   89.2917
[2021/08/26 03:02:41] -    45    202.3       31.4805    93.2915      72.8113   88.5833
[2021/08/26 03:06:04] -    46    202.2       31.6282    93.2930      71.4274   88.5417
[2021/08/26 03:09:26] -    47    202.3       30.4348    93.3951      65.3844   89.7917
[2021/08/26 03:12:49] -    48    202.3       29.5043    93.7579      66.1047   89.6667
[2021/08/26 03:16:12] -    49    202.8       29.1804    93.7186      71.7937   88.7917
[2021/08/26 03:19:34] -    50    202.2       27.3875    94.1661      61.8052   90.0417
[2021/08/26 03:23:01] -    51    206.2       28.3019    93.9903      72.8439   89.0417
[2021/08/26 03:26:24] -    52    202.5       26.5887    94.3452      75.0362   88.7083
[2021/08/26 03:29:47] -    53    202.5       25.6958    94.6074      68.2790   90.1250
[2021/08/26 03:33:10] -    54    202.6       25.9271    94.4928      64.0801   90.8750
[2021/08/26 03:36:32] -    55    202.8       25.1422    94.6404      66.9610   89.7917
[2021/08/26 03:39:55] -    56    202.9       25.0220    94.5839      74.4318   89.2917
[2021/08/26 03:43:18] -    57    202.4       25.4348    94.5980      72.3762   89.4167
[2021/08/26 03:46:40] -    58    202.8       23.3738    95.0126      69.0996   90.1250
[2021/08/26 03:50:05] -    59    204.2       22.8224    95.1068      79.9699   89.0417
[2021/08/26 03:53:29] -    60    204.3       22.6405    95.1476      73.8620   89.5833
[2021/08/26 03:57:39] -    61    248.7       22.7159    95.2073      60.9781   91.0417
[2021/08/26 04:01:01] -    62    202.1       22.1897    95.2905      71.4180   90.0417
[2021/08/26 04:04:23] -    63    202.3       21.6644    95.4114      74.3445   89.7500
[2021/08/26 04:07:47] -    64    202.8       20.9992    95.5418      64.6768   90.8750
[2021/08/26 04:11:09] -    65    202.4       20.5823    95.5465      64.0684   90.5833
[2021/08/26 04:14:32] -    66    202.2       20.0035    95.7679      68.6019   90.7500
[2021/08/26 04:17:54] -    67    202.0       19.8035    95.8244      68.0819   90.6667
[2021/08/26 04:21:16] -    68    202.0       20.0761    95.7710      65.8268   90.5833
[2021/08/26 04:24:50] -    69    214.1       18.5833    96.0097      69.9273   90.3750
[2021/08/26 04:28:56] -    70    244.9       18.8782    96.0254      91.1778   87.9583
[2021/08/26 04:32:17] -    71    201.6       19.3218    95.8825      75.0555   90.0000
[2021/08/26 04:35:39] -    72    202.2       18.4341    96.0631      69.1952   90.6250
[2021/08/26 04:39:02] -    73    203.0       17.1628    96.2893      65.9406   91.5000
[2021/08/26 04:42:25] -    74    202.8       17.8464    96.1809      71.2424   90.7083
[2021/08/26 04:45:48] -    75    202.5       17.9226    96.1950      72.0743   90.3333
[2021/08/26 04:49:11] -    76    202.8       17.2786    96.3521      85.2499   89.3750
[2021/08/26 04:52:33] -    77    202.5       16.6030    96.4086      72.0846   91.0417
[2021/08/26 04:55:57] -    78    203.7       17.2817    96.3599      65.7437   90.7083
[2021/08/26 04:59:21] -    79    203.3       16.6837    96.4432      80.0714   89.9167
[2021/08/26 04:59:21] - Total train time: 275.2504 minutes
