[2021/08/23 07:53:02] - Namespace(cuda='0', description='resnet50_adv', prefix='', seed=6869, batch_size=160, epochs=160, lr_max=0.001, target=None, iteration=20, step_size=0.005, epsilon=1, kernel_size=13, image_size=224, dataset_root='/tmp2/dataset/Restricted_ImageNet_A', ckpt_root='/tmp2/aislab/adv_ckpt', opt_level='O1')
[2021/08/23 07:53:02] - Epoch  Seconds    Train Loss  Train Acc    Test Loss  Test Acc
[2021/08/23 08:51:18] -     0   3495.7      374.8105    12.8251     358.8139   27.3750
[2021/08/23 09:49:34] -     1   3495.7      357.2363    17.9633     340.3916   34.5000
[2021/08/23 10:47:50] -     2   3496.6      348.9219    20.6156     335.5587   35.2917
[2021/08/23 11:46:07] -     3   3496.2      341.6138    22.5989     310.4616   39.3333
[2021/08/23 12:44:23] -     4   3496.3      335.8452    24.1724     307.7304   39.5000
[2021/08/23 13:42:39] -     5   3495.5      330.9417    25.1225     288.6702   46.6250
[2021/08/23 14:40:55] -     6   3495.9      325.4317    26.6567     276.8632   46.8333
[2021/08/23 15:39:12] -     7   3496.8      320.1257    28.0245     262.8100   52.5833
[2021/08/23 16:37:28] -     8   3495.8      315.3839    29.1473     254.7348   51.5000
[2021/08/23 17:35:44] -     9   3495.5      310.9037    30.2010     238.9717   55.6250
[2021/08/23 18:33:59] -    10   3494.5      305.1201    31.3851     238.9951   54.4167
[2021/08/23 19:32:16] -    11   3496.8      300.7793    32.4545     229.5161   59.7083
[2021/08/23 20:30:33] -    12   3497.5      300.1128    32.9413     222.6516   61.1667
[2021/08/23 21:28:50] -    13   3496.2      293.7895    34.5415     208.4042   62.8333
[2021/08/23 22:27:07] -    14   3497.1      288.6272    35.4727     209.2375   63.5833
[2021/08/23 23:25:23] -    15   3496.0      284.9405    36.4353     191.0401   66.0000
[2021/08/24 00:23:41] -    16   3497.2      279.8611    37.5691     195.1810   66.0000
[2021/08/24 01:21:58] -    17   3496.8      275.1321    38.6872     182.8341   67.2917
[2021/08/24 02:20:14] -    18   3495.9      270.7893    39.4724     174.2408   69.8333
[2021/08/24 03:18:30] -    19   3495.3      265.9690    40.7239     162.1041   72.0417
[2021/08/24 04:16:46] -    20   3495.8      261.7515    41.7714     160.7534   70.6667
[2021/08/24 05:15:02] -    21   3495.8      258.1548    42.4042     153.9262   72.2917
[2021/08/24 06:13:18] -    22   3495.7      253.3632    43.3448     147.7298   73.9583
[2021/08/24 07:11:33] -    23   3495.2      250.0990    43.9620     150.1967   73.3333
[2021/08/24 08:09:48] -    24   3494.5      246.0607    45.5041     145.2156   75.2500
[2021/08/24 09:08:02] -    25   3494.2      242.6359    45.9014     132.6981   75.8750
[2021/08/24 10:06:18] -    26   3495.9      238.8333    46.9802     132.1665   77.4583
[2021/08/24 11:04:35] -    27   3496.5      234.9421    47.6256     128.7455   78.0000
[2021/08/24 12:02:52] -    28   3496.6      231.5304    48.2475     125.3610   77.2500
[2021/08/24 13:01:09] -    29   3497.3      227.9524    49.0719     118.0581   78.7917
[2021/08/24 13:59:26] -    30   3496.2      224.7559    49.7959     120.1237   79.3750
[2021/08/24 14:57:43] -    31   3497.0      221.5890    50.5151     129.2550   79.7083
[2021/08/24 15:56:01] -    32   3497.8      219.0839    51.0930     112.7768   80.9167
[2021/08/24 16:54:18] -    33   3496.6      214.5899    51.9912     107.7656   80.6667
[2021/08/24 17:52:34] -    34   3496.0      211.9703    52.5016     110.2085   80.3333
[2021/08/24 18:50:49] -    35   3495.1      209.6730    53.1878     103.2677   82.0833
[2021/08/24 19:49:04] -    36   3494.0      206.5589    53.8521     108.1490   81.0000
[2021/08/24 20:47:18] -    37   3494.3      203.7214    54.2666     100.9797   81.9167
[2021/08/24 21:45:32] -    38   3494.1      200.4942    55.0879     100.6908   82.8333
[2021/08/24 22:43:45] -    39   3492.1      197.6342    55.6187      97.0923   83.7083
[2021/08/24 23:42:00] -    40   3494.6      195.4557    56.0160      95.9659   83.3750
[2021/08/25 00:40:12] -    41   3491.7      192.4870    56.6646      99.1120   82.5833
[2021/08/25 01:38:26] -    42   3494.1      190.7608    56.9237      92.8758   84.0417
[2021/08/25 02:36:41] -    43   3494.8      188.2662    57.5094      87.9924   85.5417
[2021/08/25 03:34:55] -    44   3494.1      185.5418    58.2098      96.6081   82.9583
[2021/08/25 04:33:07] -    45   3491.2      183.2623    58.4799      90.2466   84.3750
[2021/08/25 05:31:21] -    46   3494.5      180.3411    59.2148      86.9574   84.5000
[2021/08/25 06:29:35] -    47   3493.0      179.4302    59.4127      87.6029   85.0000
[2021/08/25 07:27:48] -    48   3493.0      175.5626    60.0817      85.2694   84.6250
[2021/08/25 08:26:02] -    49   3493.5      173.8123    60.5716      80.3152   85.6667
[2021/08/25 09:24:15] -    50   3493.3      170.7777    61.1872      82.1256   84.7500
[2021/08/25 10:22:28] -    51   3492.6      168.8977    61.6552      78.2653   86.2500
[2021/08/25 11:20:41] -    52   3492.5      167.0136    61.9080      81.1221   85.2500
[2021/08/25 12:18:52] -    53   3491.6      164.6392    62.2896      76.1980   86.4167
[2021/08/25 13:17:05] -    54   3492.1      161.9116    62.8643      80.9857   86.2083
[2021/08/25 14:15:18] -    55   3492.5      160.2730    63.2349      79.2107   86.0000
[2021/08/25 15:13:30] -    56   3492.2      158.5404    63.6903      74.9185   86.5000
[2021/08/25 16:11:42] -    57   3492.1      156.7136    63.9934      74.7974   86.4583
[2021/08/25 17:09:55] -    58   3492.1      154.0087    64.6545      79.1706   85.3750
[2021/08/25 18:08:07] -    59   3492.2      151.9470    64.9545      75.3987   86.7917
[2021/08/25 19:06:20] -    60   3492.3      149.4550    65.5826      74.7769   86.6667
[2021/08/25 20:04:33] -    61   3493.0      148.2036    65.8700      77.1867   86.3333
[2021/08/25 21:02:43] -    62   3489.5      146.7030    65.9987      73.6991   87.0417
[2021/08/25 22:00:55] -    63   3492.5      144.5750    66.5421      72.0909   86.5417
[2021/08/25 22:59:08] -    64   3492.3      141.3650    67.2111      70.6544   87.2083
[2021/08/25 23:57:21] -    65   3492.7      140.2280    67.4702      82.1507   85.0000
[2021/08/26 00:55:34] -    66   3492.7      138.4061    67.8957      75.4067   86.2500
[2021/08/26 01:53:47] -    67   3493.0      136.8274    68.1800      72.8312   86.7500
[2021/08/26 02:52:00] -    68   3493.0      134.7894    68.6589      74.3700   86.2500
[2021/08/26 03:50:13] -    69   3492.2      133.2915    68.9934      71.5824   86.8750
[2021/08/26 04:48:26] -    70   3493.2      131.7155    69.0327      72.1017   86.4583
[2021/08/26 05:46:39] -    71   3492.9      129.6281    69.7739      71.6386   86.3750
[2021/08/26 06:44:51] -    72   3492.3      128.9447    69.7236      72.2687   87.0417
[2021/08/26 07:43:05] -    73   3493.1      126.2127    70.4366      72.6766   86.7083
[2021/08/26 08:41:18] -    74   3493.3      123.7439    71.2390      72.3487   87.3333
[2021/08/26 09:39:31] -    75   3493.0      122.5988    71.1997      70.6857   87.1250
[2021/08/26 10:37:44] -    76   3492.3      121.0766    71.6143      71.7605   86.5417
[2021/08/26 11:35:56] -    77   3492.3      119.5205    71.9048      73.2209   86.6667
[2021/08/26 12:34:07] -    78   3491.1      118.6925    72.0776      74.1597   85.7500
[2021/08/26 13:32:20] -    79   3492.0      117.1735    72.4843      72.7777   86.8750
[2021/08/26 14:30:31] -    80   3491.5      115.6173    72.8832      72.2963   87.2917
[2021/08/26 15:28:44] -    81   3492.2      114.9612    72.7889      73.0821   86.4583
[2021/08/26 16:26:56] -    82   3492.0      112.9219    73.3496      74.3770   86.3750
[2021/08/26 17:25:08] -    83   3492.3      111.8943    73.5364      68.7271   87.7917
[2021/08/26 18:23:21] -    84   3492.4      109.8042    74.1489      70.8198   87.8333
[2021/08/26 19:21:35] -    85   3493.4      109.2165    74.2698      74.6994   86.2083
[2021/08/26 20:19:46] -    86   3491.2      107.3344    74.4017      73.1696   86.9167
[2021/08/26 21:17:58] -    87   3491.3      107.0912    74.5619      76.7503   86.0833
[2021/08/26 22:16:11] -    88   3493.3      104.8393    75.1837      74.0368   87.0833
[2021/08/26 23:14:25] -    89   3493.8      103.7738    75.2450      69.4447   87.0833
[2021/08/27 00:12:39] -    90   3493.4      102.7744    75.4004      72.7862   86.8750
[2021/08/27 01:10:53] -    91   3494.0      101.7359    75.7805      73.9472   87.0000
[2021/08/27 02:09:07] -    92   3494.1      100.4815    75.9673      72.2205   86.6250
[2021/08/27 03:07:21] -    93   3494.0       99.2331    76.3207      73.7748   86.7917
[2021/08/27 04:05:36] -    94   3493.9       98.5308    76.4510      73.4260   86.7917
[2021/08/27 05:03:49] -    95   3493.6       97.5187    76.8687      74.0113   86.2083
[2021/08/27 06:02:04] -    96   3494.4       96.2445    77.2252      76.7959   86.5833
[2021/08/27 07:00:19] -    97   3494.4       94.4134    77.3587      77.1916   85.7917
[2021/08/27 07:58:33] -    98   3493.7       93.7011    77.9962      76.1919   86.2083
[2021/08/27 08:56:46] -    99   3493.4       93.0015    77.6712      73.6837   86.8333
[2021/08/27 09:55:00] -   100   3493.5       91.6310    78.1171      69.0712   88.0417
[2021/08/27 10:53:10] -   101   3490.0       91.4240    78.0936      72.8790   87.2083
[2021/08/27 11:51:22] -   102   3492.0       90.2093    78.4673      68.5379   87.9167
[2021/08/27 12:49:34] -   103   3492.0       89.2292    78.7327      76.9541   86.2083
[2021/08/27 13:47:46] -   104   3491.6       89.2163    78.8175      85.1252   85.6250
[2021/08/27 14:45:58] -   105   3491.9       86.9471    79.2965      74.4893   86.9167
[2021/08/27 15:44:10] -   106   3491.6       86.3795    79.5603      74.8664   87.2500
[2021/08/27 16:42:21] -   107   3491.2       85.9884    79.3970      77.8789   86.4583
[2021/08/27 17:40:31] -   108   3489.8       85.0143    79.6278      74.4869   86.9167
[2021/08/27 18:38:44] -   109   3492.7       83.3359    79.9670      72.9977   86.8750
[2021/08/27 19:36:57] -   110   3493.3       82.6688    80.3926      74.3283   86.7083
[2021/08/27 20:35:10] -   111   3492.3       82.0219    80.3816      73.0263   86.6667
[2021/08/27 21:33:23] -   112   3493.1       81.1588    80.5323      75.4902   86.1250
[2021/08/27 22:31:35] -   113   3491.8       80.8149    80.4287      75.6893   86.4167
[2021/08/27 23:29:49] -   114   3494.0       80.4869    80.8543      73.3619   86.7500
[2021/08/28 00:28:02] -   115   3493.5       79.4463    80.9830      79.7107   85.9167
[2021/08/28 01:26:16] -   116   3493.4       79.5528    81.0930      76.2175   86.9167
[2021/08/28 02:24:30] -   117   3493.4       77.8872    81.3976      75.5841   86.7500
[2021/08/28 03:22:43] -   118   3493.4       77.6817    81.6630      79.1665   86.7500
[2021/08/28 04:20:58] -   119   3494.4       77.1670    81.4934      74.6075   86.8750
[2021/08/28 05:19:12] -   120   3494.0       76.2232    81.9095      72.3721   87.0833
[2021/08/28 06:17:26] -   121   3494.0       75.4977    82.0901      78.0531   86.7917
[2021/08/28 07:15:40] -   122   3493.5       75.1705    82.0964      72.4059   87.7500
[2021/08/28 08:13:54] -   123   3494.0       74.0379    82.3995      78.4128   86.6667
[2021/08/28 09:12:08] -   124   3493.6       73.4483    82.5440      77.1612   87.1250
[2021/08/28 10:10:22] -   125   3494.4       71.9108    82.8486      85.0504   85.7500
[2021/08/28 11:08:35] -   126   3493.0       72.2121    82.7607      76.4188   86.4167
[2021/08/28 12:06:50] -   127   3494.5       71.6172    82.8942      78.9276   86.4167
[2021/08/28 13:05:04] -   128   3494.1       71.0329    83.0496      79.4472   86.4583
[2021/08/28 14:03:19] -   129   3495.0       70.4517    83.2428      78.3337   87.4167
[2021/08/28 15:01:32] -   130   3492.4       74.5354    82.3492      84.9976   85.8333
[2021/08/28 15:59:44] -   131   3491.6       75.0661    82.1482      80.1277   86.5417
[2021/08/28 16:57:58] -   132   3494.6       71.1991    83.1611      81.3558   86.2500
[2021/08/28 17:56:11] -   133   3492.9       78.7420    81.1573      78.1691   86.3333
[2021/08/28 18:54:26] -   134   3494.4       69.5893    83.4202      79.2703   86.7500
[2021/08/28 19:52:40] -   135   3494.2       67.8734    83.9683      80.6917   86.3750
[2021/08/28 20:50:54] -   136   3494.1       66.5644    84.0531      78.3323   86.4583
[2021/08/28 21:49:10] -   137   3495.5       66.0795    84.2604      79.3425   86.9583
[2021/08/28 22:47:24] -   138   3494.4       65.9630    84.2604      80.8234   86.4167
[2021/08/28 23:45:40] -   139   3495.1       65.7821    84.2321      77.2886   86.5417
[2021/08/29 00:43:55] -   140   3495.6       65.2426    84.4519      82.6986   86.2917
[2021/08/29 01:42:11] -   141   3495.6       64.0533    84.8351      80.0027   86.7083
[2021/08/29 02:40:26] -   142   3494.6       63.4662    84.8508      82.7425   86.2917
[2021/08/29 03:38:42] -   143   3495.9       63.1750    84.9011      79.8000   86.8333
[2021/08/29 04:36:57] -   144   3495.4       63.5860    84.8163      81.1688   86.7917
[2021/08/29 05:35:13] -   145   3495.9       62.1512    85.1994      84.6303   86.9167
[2021/08/29 06:33:28] -   146   3494.7       61.7795    85.2089      83.7305   86.4167
[2021/08/29 07:31:43] -   147   3495.3       61.8771    85.2387      81.3224   86.7500
[2021/08/29 08:29:58] -   148   3494.3       60.9654    85.5433      77.7093   87.3750
[2021/08/29 09:28:13] -   149   3495.4       61.3645    85.4931      85.4920   86.4583
[2021/08/29 10:26:26] -   150   3493.1       61.4770    85.3502      81.8081   86.6250
[2021/08/29 11:24:39] -   151   3492.2       59.1000    85.8998      80.1761   86.6667
[2021/08/29 12:22:52] -   152   3493.1       59.6653    85.8197      86.0674   85.5417
[2021/08/29 13:21:05] -   153   3493.6       59.3862    85.9218      81.2920   86.5833
[2021/08/29 14:19:19] -   154   3493.8       59.4605    85.9045      78.8487   86.8750
[2021/08/29 15:17:33] -   155   3494.2       59.2672    85.8810      81.0904   86.4167
[2021/08/29 16:15:49] -   156   3495.4       57.8514    86.3003      81.1052   86.6250
[2021/08/29 17:14:06] -   157   3496.5       58.2222    86.0898      90.2396   85.8750
[2021/08/29 18:12:23] -   158   3497.1       57.5219    86.3898      75.4719   87.1250
[2021/08/29 19:10:40] -   159   3496.8       57.6565    86.3741      77.5987   86.5833
[2021/08/29 19:10:40] - Total train time: 9317.6257 minutes
