[2021/08/08 18:26:12] - Namespace(resume=False, prefix='resnet50_s', seed=59572406, batch_size=160, epochs=120, lr_max=0.001, target=None, rnd_target=False, iteration=20, step_size=0.005, epsilon=1, kernel_size=13, image_size=224, data_directory='/tmp2/dataset/Restricted_ImageNet', opt_level='O1')
[2021/08/08 18:26:12] - Epoch  Seconds    Train Loss  Train Acc    Test Loss  Test Acc
[2021/08/08 19:40:19] -     0   4447.4      374.4013    12.8744     369.4261   25.8750
[2021/08/08 20:54:32] -     1   4448.3      360.2414    16.9013     354.9708   27.1667
[2021/08/08 22:08:47] -     2   4450.1      354.9972    18.7082     338.8763   30.8333
[2021/08/08 23:23:16] -     3   4463.4      351.1323    19.2636     342.9382   30.3333
[2021/08/09 00:37:46] -     4   4465.7      348.7604    20.2676     333.1585   34.5000
[2021/08/09 01:52:22] -     5   4470.1      346.6299    20.8694     329.5551   34.4167
[2021/08/09 03:06:43] -     6   4455.4      342.7850    21.7404     321.9084   36.3750
[2021/08/09 04:21:19] -     7   4470.7      339.5832    22.7305     304.8474   41.9583
[2021/08/09 05:35:55] -     8   4470.8      337.3095    23.4870     292.2488   41.3750
[2021/08/09 06:50:19] -     9   4458.4      332.4492    24.6720     264.6869   50.9583
[2021/08/09 08:04:58] -    10   4473.7      328.3717    25.7689     269.0575   47.7083
[2021/08/09 09:19:22] -    11   4459.5      324.4449    26.9632     252.1323   52.4583
[2021/08/09 10:33:46] -    12   4458.5      319.5101    28.3230     257.8304   52.6250
[2021/08/09 11:48:11] -    13   4458.9      317.5358    28.7051     231.7566   56.3750
[2021/08/09 13:02:36] -    14   4459.2      309.7886    30.7085     224.2734   58.5833
[2021/08/09 14:17:04] -    15   4461.7      304.7631    31.9833     228.7224   58.5417
[2021/08/09 15:32:07] -    16   4496.9      299.2764    33.3447     215.5665   60.6667
[2021/08/09 16:46:37] -    17   4464.0      295.5236    34.2744     206.9208   61.6250
[2021/08/09 18:01:01] -    18   4457.8      288.6424    35.7287     203.0856   63.4583
[2021/08/09 19:15:22] -    19   4455.2      285.1531    36.6986     190.0241   64.7500
[2021/08/09 20:29:42] -    20   4453.6      279.0294    38.0507     181.8149   66.8333
[2021/08/09 21:44:02] -    21   4453.4      274.2077    39.2358     166.8733   69.5000
[2021/08/09 22:58:20] -    22   4451.0      271.5322    39.9087     159.4556   71.5417
[2021/08/10 00:12:42] -    23   4456.1      265.5014    41.1788     156.0980   72.7083
[2021/08/10 01:27:05] -    24   4456.6      262.8533    41.7760     147.8954   73.0833
[2021/08/10 02:41:27] -    25   4456.1      257.6062    42.9394          nan   65.1250
[2021/08/10 03:55:48] -    26   4455.4      254.1264    43.8877          nan   74.7917
[2021/08/10 05:10:06] -    27   4452.1      249.7413    44.7602     137.6757   75.4583
[2021/08/10 06:24:26] -    28   4453.2      246.5183    45.3605     138.0360   75.3750
[2021/08/10 07:38:46] -    29   4454.1      242.8827    46.2778     134.5291   74.2500
[2021/08/10 08:53:04] -    30   4452.2      239.5943    46.8735     139.4028   77.1667
[2021/08/10 10:07:23] -    31   4453.4      235.5187    47.5712     126.6486   77.7500
[2021/08/10 11:21:44] -    32   4454.1      234.5432    48.0198     127.9518   77.5000
[2021/08/10 12:36:06] -    33   4457.1      231.2061    48.8119     127.2713   77.9167
[2021/08/10 13:50:31] -    34   4459.3      227.7934    49.2915     118.9619   78.6250
[2021/08/10 15:04:52] -    35   4455.0      225.5987    49.9412          nan   77.0833
[2021/08/10 16:19:13] -    36   4455.0      222.3232    50.5879     113.1800   79.1250
[2021/08/10 17:33:33] -    37   4454.0      220.1717    50.8308          nan   79.5417
[2021/08/10 18:47:54] -    38   4454.1      217.7069    51.6120     111.0974   80.3750
[2021/08/10 20:02:14] -    39   4453.6      213.8873    52.2649          nan   80.0417
[2021/08/10 21:16:36] -    40   4455.8      210.9803    52.8481     113.4757   79.6250
[2021/08/10 22:30:57] -    41   4455.1      209.4107    53.2101     106.2079   80.9167
[2021/08/10 23:45:19] -    42   4456.3      205.8836    54.1399     104.8219   80.7083
[2021/08/11 00:59:42] -    43   4457.7      203.4748    54.4910      99.9427   82.2083
[2021/08/11 02:14:04] -    44   4457.3      202.8117    54.4384     105.8523   80.8750
[2021/08/11 03:28:21] -    45   4456.6      200.6622    55.0186     104.1519   82.0000
[2021/08/11 04:42:45] -    46   4459.0      197.9251    55.5941     103.8134   80.7083
[2021/08/11 05:57:00] -    47   4449.8      197.0570    55.6993     100.4327   82.4583
[2021/08/11 07:11:27] -    48   4461.2      195.8294    55.8818     101.8447   82.0417
[2021/08/11 08:25:54] -    49   4461.6      190.4752    57.2293     102.2758   82.1250
[2021/08/11 09:40:15] -    50   4456.0      189.7342    57.2649      94.1081   83.8333
[2021/08/11 10:54:27] -    51   4452.2      186.3263    58.2101      95.5565   83.7500
[2021/08/11 12:09:00] -    52   4465.2      184.3389    58.3895          nan   83.8333
[2021/08/11 13:23:20] -    53   4453.0      191.0408    57.4443     100.2046   81.4583
