[2021/08/28 04:31:32] - Namespace(cuda='5', description='rndstart', prefix='', seed=6869, batch_size=160, epochs=160, lr_max=0.001, target=None, iteration=20, step_size=0.005, epsilon=1, kernel_size=13, image_size=224, dataset_root='/tmp2/dataset/Restricted_ImageNet_Hendrycks', ckpt_root='/tmp2/aislab/adv_ckpt', opt_level='O1')
[2021/08/28 04:31:32] - Epoch  Seconds    Train Loss  Train Acc    Test Loss  Test Acc
[2021/08/28 05:45:39] -     0   4447.1      333.7482    26.7729     275.1045   46.1667
[2021/08/28 06:59:46] -     1   4446.6      263.9498    42.6272     220.0071   55.4583
[2021/08/28 08:13:54] -     2   4447.5      227.2790    51.2406     178.0792   66.2917
[2021/08/28 09:28:01] -     3   4446.7      205.0351    56.8106     172.2447   67.2083
[2021/08/28 10:42:07] -     4   4445.1      186.7707    60.8448     145.8882   71.9583
[2021/08/28 11:56:16] -     5   4449.2      172.0257    64.2651     145.4195   72.9167
[2021/08/28 13:10:27] -     6   4450.1      160.3325    66.8593     126.7933   75.8750
[2021/08/28 14:24:29] -     7   4442.5      150.1533    69.2399     108.5924   79.8333
[2021/08/28 15:38:31] -     8   4441.3      142.7252    70.8480     112.2822   79.4167
[2021/08/28 16:52:32] -     9   4440.6      133.4506    72.7261     110.9632   80.8333
[2021/08/28 18:06:30] -    10   4437.1      126.9899    74.5195     100.9151   80.7500
[2021/08/28 19:20:28] -    11   4437.8      119.9038    75.8024      89.6036   83.1667
[2021/08/28 20:34:26] -    12   4437.3      115.3565    76.9394      89.7288   83.9583
[2021/08/28 21:48:22] -    13   4436.5      110.0189    77.9523      86.3267   84.0833
[2021/08/28 23:02:19] -    14   4436.1      104.4566    79.1991      78.3308   84.8750
[2021/08/29 00:16:16] -    15   4437.1      100.7172    79.8744          nan   85.8750
[2021/08/29 01:30:17] -    16   4439.8       94.8851    81.0710      88.3126   86.7917
[2021/08/29 02:44:20] -    17   4443.0       92.8215    81.5751      67.9900   87.4167
[2021/08/29 03:58:24] -    18   4443.8       88.6500    82.4827      68.2615   87.1667
[2021/08/29 05:12:27] -    19   4442.8       88.1419    82.6413      81.6015   86.7917
[2021/08/29 06:26:32] -    20   4444.1       83.2927    83.5694      69.0732   88.0417
[2021/08/29 07:40:35] -    21   4443.0       79.7088    84.3734      64.2312   88.0000
[2021/08/29 08:54:36] -    22   4440.3       78.5398    84.7535      66.7636   87.6250
[2021/08/29 10:08:35] -    23   4438.6       74.7781    85.6250      59.3099   89.5833
[2021/08/29 11:22:33] -    24   4437.7       72.4630    85.9846          nan   88.5000
[2021/08/29 12:36:31] -    25   4437.4       69.6986    86.4981      57.9597   87.9583
[2021/08/29 13:50:29] -    26   4437.8       67.8530    86.9362      58.3781   88.9583
[2021/08/29 15:04:27] -    27   4438.0       65.2338    87.5864      62.7527   88.5833
[2021/08/29 16:18:25] -    28   4437.8       64.2844    87.8612      58.5167   89.0417
[2021/08/29 17:32:24] -    29   4438.0       61.2057    88.3229      52.4935   89.8333
[2021/08/29 18:46:21] -    30   4436.8       60.0325    88.3511      61.1264   88.8750
[2021/08/29 20:00:14] -    31   4433.0       58.4800    88.8631      66.0366   89.0833
[2021/08/29 21:14:07] -    32   4432.7       56.8931    89.1913      54.8220   90.0833
[2021/08/29 22:27:57] -    33   4429.8       55.5518    89.4928      50.2681   90.6250
[2021/08/29 23:42:25] -    34   4467.9       54.6970    89.7802      50.7441   91.2500
[2021/08/30 00:57:05] -    35   4478.1       52.6865    90.1696      49.6369   90.6667
[2021/08/30 02:11:31] -    36   4465.6       53.1022    90.0188      51.8724   90.2500
[2021/08/30 03:25:47] -    37   4456.2       49.0313    90.8448      45.8300   91.0000
[2021/08/30 04:39:47] -    38   4439.7       47.5548    91.1950      49.5152   90.8750
[2021/08/30 05:53:46] -    39   4438.6       45.9603    91.4479      51.9227   90.6667
[2021/08/30 07:07:46] -    40   4439.1       46.3444    91.4086      49.7154   90.4167
[2021/08/30 08:21:43] -    41   4437.6       43.5083    92.0493      54.1592   90.2083
[2021/08/30 09:35:39] -    42   4436.0       43.6302    91.9174      52.1892   90.1250
[2021/08/30 10:49:37] -    43   4437.5       41.9778    92.2754      51.7583   90.9167
[2021/08/30 12:03:35] -    44   4438.0       41.8227    92.3100      47.7590   91.1667
[2021/08/30 13:17:28] -    45   4432.9       39.9855    92.6696      52.0176   91.2917
[2021/08/30 14:31:23] -    46   4434.7       39.6696    92.7842      48.1667   91.1250
[2021/08/30 15:45:17] -    47   4433.7       39.6409    92.8313      49.9967   90.7917
[2021/08/30 16:59:07] -    48   4429.9       37.9040    93.1486      53.8104   90.3750
[2021/08/30 18:12:57] -    49   4429.0       38.2270    93.1564      47.9864   90.8750
[2021/08/30 19:26:45] -    50   4427.9       36.0139    93.4579          nan   90.1667
