[2021/07/19 02:42:40] - Namespace(resume=False, prefix='Small adv. training', seed=59572406, batch_size=232, epochs=20, lr_max=0.001, target=None, rnd_target=False, iteration=20, step_size=0.005, epsilon=1, kernel_size=13, image_size=224, data_directory='../Restricted_ImageNet', opt_level='O1')
[2021/07/19 02:42:40] - Epoch 	 Seconds 	 	 Train Loss 	 Train Acc
[2021/07/19 03:12:36] -     0 	  1796.4 	 	   534.1791 	   14.0835
[2021/07/19 03:12:36] - Test Loss 	 Test Acc
[2021/07/19 03:12:39] -  545.0474 	  21.9828
[2021/07/19 03:42:35] -     1 	  1796.4 	 	   520.9844 	   16.7285
[2021/07/19 03:42:35] - Test Loss 	 Test Acc
[2021/07/19 03:42:38] -  550.6295 	  25.1293
[2021/07/19 04:12:35] -     2 	  1796.7 	 	   518.9330 	   17.3835
[2021/07/19 04:12:35] - Test Loss 	 Test Acc
[2021/07/19 04:12:38] -  535.0634 	  25.8621
[2021/07/19 04:42:37] -     3 	  1798.5 	 	   514.7663 	   17.9119
[2021/07/19 04:42:37] - Test Loss 	 Test Acc
[2021/07/19 04:42:40] -  529.7186 	  30.3017
[2021/07/19 05:12:38] -     4 	  1797.7 	 	   512.3281 	   18.6395
[2021/07/19 05:12:38] - Test Loss 	 Test Acc
[2021/07/19 05:12:40] -  520.4641 	  28.3190
[2021/07/19 05:42:39] -     5 	  1798.4 	 	   509.4013 	   19.0953
[2021/07/19 05:42:39] - Test Loss 	 Test Acc
[2021/07/19 05:42:42] -  505.6909 	  32.2414
[2021/07/19 06:12:40] -     6 	  1798.5 	 	   507.1802 	   19.7627
[2021/07/19 06:12:40] - Test Loss 	 Test Acc
[2021/07/19 06:12:43] -  509.5246 	  30.4310
[2021/07/19 06:42:41] -     7 	  1797.8 	 	   504.4680 	   20.2849
[2021/07/19 06:42:41] - Test Loss 	 Test Acc
[2021/07/19 06:42:44] -  491.5475 	  33.8793
[2021/07/19 07:12:42] -     8 	  1797.5 	 	   502.6622 	   20.6124
[2021/07/19 07:12:42] - Test Loss 	 Test Acc
[2021/07/19 07:12:44] -  486.7123 	  38.4914
[2021/07/19 07:42:43] -     9 	  1798.0 	 	   499.8991 	   20.8859
[2021/07/19 07:42:43] - Test Loss 	 Test Acc
[2021/07/19 07:42:45] -  480.6135 	  36.9828
[2021/07/19 08:12:43] -    10 	  1797.6 	 	   497.1874 	   21.7340
[2021/07/19 08:12:43] - Test Loss 	 Test Acc
[2021/07/19 08:12:46] -  462.2059 	  40.0431
[2021/07/19 08:42:44] -    11 	  1797.9 	 	   494.4789 	   22.1913
[2021/07/19 08:42:44] - Test Loss 	 Test Acc
[2021/07/19 08:42:47] -  462.2391 	  39.8276
[2021/07/19 09:12:42] -    12 	  1795.0 	 	   491.5293 	   22.7089
[2021/07/19 09:12:42] - Test Loss 	 Test Acc
[2021/07/19 09:12:45] -  446.4630 	  43.5345
[2021/07/19 09:42:36] -    13 	  1790.7 	 	   488.6544 	   23.3655
[2021/07/19 09:42:36] - Test Loss 	 Test Acc
[2021/07/19 09:42:38] -  430.3581 	  45.2155
[2021/07/19 10:12:29] -    14 	  1790.7 	 	   484.8796 	   24.2445
[2021/07/19 10:12:29] - Test Loss 	 Test Acc
[2021/07/19 10:12:32] -  434.2742 	  46.7241
[2021/07/19 10:42:23] -    15 	  1791.1 	 	   482.5181 	   24.5983
[2021/07/19 10:42:23] - Test Loss 	 Test Acc
[2021/07/19 10:42:26] -  414.1896 	  49.0948
[2021/07/19 11:12:18] -    16 	  1791.7 	 	   478.2980 	   25.2997
[2021/07/19 11:12:18] - Test Loss 	 Test Acc
[2021/07/19 11:12:21] -  390.9637 	  50.7759
[2021/07/19 11:42:13] -    17 	  1792.0 	 	   474.4319 	   26.4754
[2021/07/19 11:42:13] - Test Loss 	 Test Acc
[2021/07/19 11:42:15] -  374.0174 	  54.4397
[2021/07/19 12:12:07] -    18 	  1791.6 	 	   471.1144 	   26.9559
[2021/07/19 12:12:07] - Test Loss 	 Test Acc
[2021/07/19 12:12:10] -  371.7889 	  52.5431
[2021/07/19 12:42:02] -    19 	  1791.3 	 	   467.6235 	   27.3390
[2021/07/19 12:42:02] - Test Loss 	 Test Acc
[2021/07/19 12:42:04] -  359.9844 	  57.4138
[2021/07/19 12:42:04] - Total train time: 599.4147 minutes
