[2021/07/15 10:57:47] - Namespace(resume=False, prefix='food11', seed=59572406, batch_size=232, epochs=80, lr_min=0.005, lr_max=0.001, momentum=0.9, weight_decay=0.0001, target=None, rnd_target=False, iteration=0, step_size=0.005, epsilon=1, kernel_size=13, image_size=256, image_crop=224, data_directory='../Restricted_ImageNet', opt_level='O0')
[2021/07/15 10:57:47] - Epoch 	 Seconds 	 	 Train Loss 	 Train Acc
[2021/07/15 10:59:16] -     0 	    88.8 	 	   428.4737 	   35.4452
[2021/07/15 10:59:16] - Test Loss 	 Test Acc
[2021/07/15 10:59:19] -  653.4975 	   9.8276
[2021/07/15 11:00:47] -     1 	    87.9 	 	   349.5214 	   48.4381
[2021/07/15 11:00:47] - Test Loss 	 Test Acc
[2021/07/15 11:00:50] -  627.8528 	  14.6121
[2021/07/15 11:02:18] -     2 	    88.3 	 	   301.7137 	   55.9835
[2021/07/15 11:02:18] - Test Loss 	 Test Acc
[2021/07/15 11:02:21] -  665.8118 	  15.0862
[2021/07/15 11:03:49] -     3 	    88.0 	 	   268.6204 	   60.9412
[2021/07/15 11:03:49] - Test Loss 	 Test Acc
[2021/07/15 11:03:52] -  627.8744 	  18.1466
[2021/07/15 11:05:21] -     4 	    88.3 	 	   242.4128 	   64.9889
[2021/07/15 11:05:21] - Test Loss 	 Test Acc
[2021/07/15 11:05:24] -  596.1528 	  22.5431
[2021/07/15 11:06:53] -     5 	    88.9 	 	   221.5232 	   68.1127
[2021/07/15 11:06:53] - Test Loss 	 Test Acc
[2021/07/15 11:06:56] -  621.0971 	  20.0862
[2021/07/15 11:08:24] -     6 	    87.9 	 	   203.5611 	   70.7437
[2021/07/15 11:08:24] - Test Loss 	 Test Acc
[2021/07/15 11:08:27] -  561.7798 	  24.7414
[2021/07/15 11:09:55] -     7 	    87.8 	 	   187.4081 	   73.3732
[2021/07/15 11:09:55] - Test Loss 	 Test Acc
[2021/07/15 11:09:58] -  660.9095 	  21.8966
[2021/07/15 11:11:26] -     8 	    87.5 	 	   175.6988 	   74.7327
[2021/07/15 11:11:26] - Test Loss 	 Test Acc
[2021/07/15 11:11:29] -  762.9849 	  21.7672
[2021/07/15 11:12:57] -     9 	    88.1 	 	   163.8463 	   76.6144
[2021/07/15 11:12:57] - Test Loss 	 Test Acc
[2021/07/15 11:13:00] -  639.1913 	  25.2155
[2021/07/15 11:14:28] -    10 	    87.7 	 	   154.5184 	   77.8983
[2021/07/15 11:14:28] - Test Loss 	 Test Acc
[2021/07/15 11:14:31] -  612.9827 	  25.5603
[2021/07/15 11:16:00] -    11 	    88.8 	 	   144.9803 	   79.2053
[2021/07/15 11:16:00] - Test Loss 	 Test Acc
[2021/07/15 11:16:03] -  542.7880 	  32.4138
[2021/07/15 11:17:31] -    12 	    87.9 	 	   138.6851 	   80.1832
[2021/07/15 11:17:31] - Test Loss 	 Test Acc
[2021/07/15 11:17:34] -  552.2565 	  33.7931
[2021/07/15 11:19:02] -    13 	    87.8 	 	   131.8081 	   81.2369
[2021/07/15 11:19:02] - Test Loss 	 Test Acc
[2021/07/15 11:19:05] -  673.3877 	  25.9052
[2021/07/15 11:20:33] -    14 	    87.8 	 	   125.4916 	   82.1175
[2021/07/15 11:20:33] - Test Loss 	 Test Acc
[2021/07/15 11:20:36] -  576.6116 	  33.7069
[2021/07/15 11:22:05] -    15 	    88.1 	 	   121.7635 	   82.6366
[2021/07/15 11:22:05] - Test Loss 	 Test Acc
[2021/07/15 11:22:08] -  508.2634 	  41.2931
[2021/07/15 11:23:35] -    16 	    87.7 	 	   115.4945 	   83.6454
[2021/07/15 11:23:35] - Test Loss 	 Test Acc
[2021/07/15 11:23:38] -  551.2586 	  33.5345
[2021/07/15 11:25:07] -    17 	    88.3 	 	   112.2459 	   83.9235
[2021/07/15 11:25:07] - Test Loss 	 Test Acc
[2021/07/15 11:25:10] -  557.6322 	  38.9224
[2021/07/15 11:26:38] -    18 	    88.3 	 	   106.2877 	   84.9632
[2021/07/15 11:26:38] - Test Loss 	 Test Acc
[2021/07/15 11:26:41] -  540.0173 	  36.2931
[2021/07/15 11:28:09] -    19 	    88.1 	 	   103.9062 	   85.1285
[2021/07/15 11:28:09] - Test Loss 	 Test Acc
[2021/07/15 11:28:13] -  606.4850 	  35.3448
[2021/07/15 11:29:40] -    20 	    87.3 	 	   100.7634 	   85.5673
[2021/07/15 11:29:40] - Test Loss 	 Test Acc
[2021/07/15 11:29:43] -  684.0912 	  29.5690
[2021/07/15 11:31:11] -    21 	    87.6 	 	    97.0126 	   86.0818
[2021/07/15 11:31:11] - Test Loss 	 Test Acc
[2021/07/15 11:31:14] -  588.8432 	  34.9569
