[2021/07/14 23:58:21] - Namespace(resume=False, prefix='normal', seed=59572406, batch_size=232, epochs=20, lr_min=0.005, lr_max=0.001, momentum=0.9, weight_decay=0.0001, target=None, rnd_target=False, iteration=0, step_size=0.005, epsilon=1, kernel_size=13, image_size=256, image_crop=224, data_directory='../Restricted_ImageNet', opt_level='O1')
[2021/07/14 23:58:21] - Epoch 	 Seconds 	 	 Train Loss 	 Train Acc
[2021/07/14 23:59:33] -     0 	    71.5 	 	   422.6917 	   36.6472
[2021/07/14 23:59:33] - Test Loss 	 Test Acc
[2021/07/14 23:59:36] -  713.2007 	  12.4138
[2021/07/15 00:00:47] -     1 	    70.7 	 	   346.9018 	   48.9216
[2021/07/15 00:00:47] - Test Loss 	 Test Acc
[2021/07/15 00:00:50] -  632.0772 	  12.1552
[2021/07/15 00:02:01] -     2 	    70.5 	 	   300.3673 	   56.1782
[2021/07/15 00:02:01] - Test Loss 	 Test Acc
[2021/07/15 00:02:04] -  652.4907 	  18.6638
[2021/07/15 00:03:14] -     3 	    70.2 	 	   270.1786 	   60.6075
[2021/07/15 00:03:14] - Test Loss 	 Test Acc
[2021/07/15 00:03:17] -  633.0925 	  16.2500
[2021/07/15 00:04:28] -     4 	    70.6 	 	   244.5311 	   64.5331
[2021/07/15 00:04:28] - Test Loss 	 Test Acc
[2021/07/15 00:04:30] -  621.3733 	  20.1724
[2021/07/15 00:05:41] -     5 	    70.0 	 	   223.2423 	   67.8547
[2021/07/15 00:05:41] - Test Loss 	 Test Acc
[2021/07/15 00:05:44] -  611.3510 	  18.5345
[2021/07/15 00:06:54] -     6 	    70.7 	 	   204.6799 	   70.5460
[2021/07/15 00:06:54] - Test Loss 	 Test Acc
[2021/07/15 00:06:57] -  587.1424 	  24.0086
[2021/07/15 00:08:08] -     7 	    70.4 	 	   190.0048 	   72.7707
[2021/07/15 00:08:08] - Test Loss 	 Test Acc
[2021/07/15 00:08:11] -  594.2241 	  23.9655
