[2021/07/15 02:51:28] - Namespace(resume=True, prefix='normal', seed=59572406, batch_size=232, epochs=80, lr_min=0.005, lr_max=0.001, momentum=0.9, weight_decay=0.0001, target=None, rnd_target=False, iteration=0, step_size=0.005, epsilon=1, kernel_size=13, image_size=256, image_crop=224, data_directory='../Restricted_ImageNet', opt_level='O0')
[2021/07/15 02:51:28] - Epoch 	 Seconds 	 	 Train Loss 	 Train Acc
[2021/07/15 02:52:56] -    40 	    88.5 	 	    62.5352 	   91.0595
[2021/07/15 02:52:56] - Test Loss 	 Test Acc
[2021/07/15 02:52:59] -  520.1990 	  43.4483
[2021/07/15 02:54:28] -    41 	    88.0 	 	    63.3766 	   90.8540
[2021/07/15 02:54:28] - Test Loss 	 Test Acc
[2021/07/15 02:54:31] -  519.8735 	  41.5948
[2021/07/15 02:55:59] -    42 	    87.9 	 	    60.4065 	   91.5029
[2021/07/15 02:55:59] - Test Loss 	 Test Acc
[2021/07/15 02:56:01] -  505.3219 	  45.5603
[2021/07/15 02:57:30] -    43 	    87.9 	 	    59.6722 	   91.5137
[2021/07/15 02:57:30] - Test Loss 	 Test Acc
[2021/07/15 02:57:32] -  449.0056 	  50.7759
[2021/07/15 02:59:00] -    44 	    88.0 	 	    59.1854 	   91.6311
[2021/07/15 02:59:00] - Test Loss 	 Test Acc
[2021/07/15 02:59:03] -  492.8489 	  43.3190
[2021/07/15 03:00:31] -    45 	    87.8 	 	    57.9637 	   91.6466
[2021/07/15 03:00:31] - Test Loss 	 Test Acc
[2021/07/15 03:00:34] -  474.3761 	  50.3448
[2021/07/15 03:02:03] -    46 	    88.3 	 	    57.4747 	   91.7424
[2021/07/15 03:02:03] - Test Loss 	 Test Acc
[2021/07/15 03:02:06] -  744.7917 	  35.2155
[2021/07/15 03:03:34] -    47 	    88.3 	 	    56.6406 	   91.8783
[2021/07/15 03:03:34] - Test Loss 	 Test Acc
[2021/07/15 03:03:37] -  564.4629 	  43.7500
[2021/07/15 03:05:06] -    48 	    88.2 	 	    55.7613 	   91.9139
[2021/07/15 03:05:06] - Test Loss 	 Test Acc
[2021/07/15 03:05:09] -  520.4449 	  47.3276
[2021/07/15 03:06:37] -    49 	    88.1 	 	    54.6708 	   92.1997
[2021/07/15 03:06:37] - Test Loss 	 Test Acc
[2021/07/15 03:06:40] -  450.9326 	  47.6724
[2021/07/15 03:08:08] -    50 	    88.0 	 	    52.5968 	   92.4901
[2021/07/15 03:08:08] - Test Loss 	 Test Acc
[2021/07/15 03:08:11] -  533.9402 	  47.1552
[2021/07/15 03:09:39] -    51 	    88.2 	 	    52.8520 	   92.5226
[2021/07/15 03:09:39] - Test Loss 	 Test Acc
[2021/07/15 03:09:42] -  429.0173 	  52.5862
[2021/07/15 03:11:11] -    52 	    88.6 	 	    53.6106 	   92.3248
[2021/07/15 03:11:11] - Test Loss 	 Test Acc
[2021/07/15 03:11:14] -  553.3440 	  44.0517
[2021/07/15 03:12:42] -    53 	    88.0 	 	    51.9460 	   92.7188
[2021/07/15 03:12:42] - Test Loss 	 Test Acc
[2021/07/15 03:12:45] -  786.9178 	  35.8621
[2021/07/15 03:14:14] -    54 	    88.4 	 	    51.3219 	   92.6060
[2021/07/15 03:14:14] - Test Loss 	 Test Acc
[2021/07/15 03:14:17] -  539.0788 	  44.8707
[2021/07/15 03:15:44] -    55 	    87.8 	 	    51.0244 	   92.6848
[2021/07/15 03:15:44] - Test Loss 	 Test Acc
[2021/07/15 03:15:47] -  597.7154 	  46.4655
[2021/07/15 03:17:15] -    56 	    87.8 	 	    50.5114 	   92.7589
[2021/07/15 03:17:15] - Test Loss 	 Test Acc
[2021/07/15 03:17:18] -  611.6197 	  45.4741
[2021/07/15 03:18:46] -    57 	    87.8 	 	    49.5686 	   92.8655
[2021/07/15 03:18:46] - Test Loss 	 Test Acc
[2021/07/15 03:18:49] -  523.0187 	  50.0431
[2021/07/15 03:20:17] -    58 	    88.1 	 	    48.8742 	   92.9412
[2021/07/15 03:20:17] - Test Loss 	 Test Acc
[2021/07/15 03:20:20] -  578.7476 	  46.8966
[2021/07/15 03:21:49] -    59 	    88.6 	 	    47.3955 	   93.2811
[2021/07/15 03:21:49] - Test Loss 	 Test Acc
[2021/07/15 03:21:52] -  462.6297 	  53.0603
[2021/07/15 03:23:21] -    60 	    88.5 	 	    48.4107 	   93.2116
[2021/07/15 03:23:21] - Test Loss 	 Test Acc
[2021/07/15 03:23:24] -  712.6033 	  40.3448
[2021/07/15 03:24:52] -    61 	    88.2 	 	    46.8565 	   93.2502
[2021/07/15 03:24:52] - Test Loss 	 Test Acc
[2021/07/15 03:24:55] -  612.0627 	  41.2069
[2021/07/15 03:26:24] -    62 	    88.4 	 	    46.1692 	   93.3275
[2021/07/15 03:26:24] - Test Loss 	 Test Acc
[2021/07/15 03:26:26] -  727.4860 	  39.9138
[2021/07/15 03:27:55] -    63 	    88.4 	 	    44.3772 	   93.6411
[2021/07/15 03:27:55] - Test Loss 	 Test Acc
[2021/07/15 03:27:58] -  700.6663 	  38.4914
[2021/07/15 03:29:26] -    64 	    87.9 	 	    45.3054 	   93.4835
[2021/07/15 03:29:26] - Test Loss 	 Test Acc
[2021/07/15 03:29:29] -  629.9644 	  47.5862
[2021/07/15 03:30:57] -    65 	    88.3 	 	    44.8805 	   93.5082
[2021/07/15 03:30:57] - Test Loss 	 Test Acc
[2021/07/15 03:31:00] -  543.0845 	  46.2500
[2021/07/15 03:32:29] -    66 	    88.6 	 	    45.1386 	   93.4850
[2021/07/15 03:32:29] - Test Loss 	 Test Acc
[2021/07/15 03:32:32] -  754.1095 	  38.4483
[2021/07/15 03:34:00] -    67 	    88.3 	 	    44.5270 	   93.5438
[2021/07/15 03:34:00] - Test Loss 	 Test Acc
[2021/07/15 03:34:03] -  511.2413 	  49.6983
[2021/07/15 03:35:31] -    68 	    88.2 	 	    43.1753 	   93.8605
[2021/07/15 03:35:31] - Test Loss 	 Test Acc
[2021/07/15 03:35:34] -  689.8277 	  37.9310
[2021/07/15 03:37:03] -    69 	    88.1 	 	    42.6583 	   93.9269
[2021/07/15 03:37:03] - Test Loss 	 Test Acc
[2021/07/15 03:37:06] -  464.6235 	  53.0172
[2021/07/15 03:38:33] -    70 	    87.5 	 	    42.7924 	   93.8790
[2021/07/15 03:38:33] - Test Loss 	 Test Acc
[2021/07/15 03:38:36] -  528.6882 	  49.0517
[2021/07/15 03:40:04] -    71 	    87.8 	 	    41.8932 	   93.9702
[2021/07/15 03:40:04] - Test Loss 	 Test Acc
[2021/07/15 03:40:06] -  655.1776 	  41.6810
[2021/07/15 03:41:35] -    72 	    88.8 	 	    41.9884 	   94.0474
[2021/07/15 03:41:35] - Test Loss 	 Test Acc
[2021/07/15 03:41:38] -  589.7944 	  48.2759
[2021/07/15 03:43:06] -    73 	    88.1 	 	    41.2249 	   94.1293
[2021/07/15 03:43:06] - Test Loss 	 Test Acc
[2021/07/15 03:43:09] -  554.8723 	  48.1897
[2021/07/15 03:44:38] -    74 	    88.5 	 	    41.2827 	   94.1138
[2021/07/15 03:44:38] - Test Loss 	 Test Acc
[2021/07/15 03:44:41] -  631.5855 	  45.7759
[2021/07/15 03:46:09] -    75 	    88.1 	 	    40.6365 	   94.1849
[2021/07/15 03:46:09] - Test Loss 	 Test Acc
[2021/07/15 03:46:12] -  451.2998 	  53.8362
[2021/07/15 03:47:40] -    76 	    88.3 	 	    40.6577 	   94.1385
[2021/07/15 03:47:40] - Test Loss 	 Test Acc
[2021/07/15 03:47:43] -  561.8330 	  50.9052
[2021/07/15 03:49:11] -    77 	    88.2 	 	    40.3380 	   94.3008
[2021/07/15 03:49:11] - Test Loss 	 Test Acc
[2021/07/15 03:49:14] -  532.5698 	  48.3621
[2021/07/15 03:50:42] -    78 	    88.1 	 	    39.2373 	   94.4120
[2021/07/15 03:50:42] - Test Loss 	 Test Acc
[2021/07/15 03:50:45] -  677.6203 	  45.6897
[2021/07/15 03:52:14] -    79 	    88.7 	 	    40.2109 	   94.3054
[2021/07/15 03:52:14] - Test Loss 	 Test Acc
[2021/07/15 03:52:17] -  608.0446 	  53.3621
[2021/07/15 03:52:17] - Total train time: 60.8222 minutes
