[2021/07/12 12:30:02] - Namespace(resume=False, prefix='Small adv. training', seed=59572406, batch_size=232, epochs=20, lr_min=0.005, lr_max=0.05, momentum=0.9, weight_decay=0.0001, target=None, rnd_target=False, iteration=20, step_size=0.005, epsilon=1, kernel_size=13, image_size=256, image_crop=224, data_directory='../Restricted_ImageNet', opt_level='O1')
[2021/07/12 12:30:02] - Epoch 	 Seconds 	 	 Train Loss 	 Train Acc
[2021/07/12 13:09:21] -     0 	  2359.0 	 	   541.5342 	   13.7560
[2021/07/12 13:48:43] -     1 	  2361.5 	 	   501.2944 	   20.0253
[2021/07/12 14:28:07] -     2 	  2363.6 	 	   486.8422 	   23.1940
[2021/07/12 15:07:31] -     3 	  2364.0 	 	   477.5204 	   25.0154
[2021/07/12 15:46:55] -     4 	  2363.9 	 	   469.0806 	   26.5789
[2021/07/12 16:26:20] -     5 	  2364.8 	 	   460.9324 	   28.2119
[2021/07/12 17:05:45] -     6 	  2364.9 	 	   454.9892 	   29.1682
[2021/07/12 17:45:10] -     7 	  2364.4 	 	   448.5895 	   30.2049
[2021/07/12 18:24:35] -     8 	  2364.4 	 	   442.9461 	   31.4671
[2021/07/12 19:04:00] -     9 	  2365.0 	 	   436.9673 	   32.4048
[2021/07/12 19:43:25] -    10 	  2364.8 	 	   431.9716 	   33.4585
[2021/07/12 20:22:49] -    11 	  2363.4 	 	   424.8735 	   34.8350
[2021/07/12 21:02:11] -    12 	  2362.2 	 	   419.5329 	   35.6136
[2021/07/12 21:41:33] -    13 	  2362.0 	 	   412.1024 	   36.8851
[2021/07/12 22:20:57] -    14 	  2363.8 	 	   406.1383 	   37.8723
[2021/07/12 23:00:22] -    15 	  2364.7 	 	   399.6539 	   39.0758
[2021/07/12 23:39:47] -    16 	  2364.6 	 	   393.2070 	   40.1526
[2021/07/13 00:19:13] -    17 	  2365.9 	 	   386.1328 	   41.2341
[2021/07/13 00:58:39] -    18 	  2365.9 	 	   380.6967 	   42.2213
[2021/07/13 01:38:06] -    19 	  2366.1 	 	   373.6375 	   43.4186
[2021/07/13 01:38:06] - Total train time: 788.0597 minutes
[2021/07/13 01:38:06] - Test Loss 	 Test Acc
[2021/07/13 01:38:09] -  626.8409 	  13.6207
